[create project] analytics-Account already exist
[link billing account] analytics-Account 
[AnalyticsAccount] pipeline: billingAccountName: billingAccounts/012914-9E95D1-A1EEE8
billingEnabled: true
name: projects/analytics-account-17/billingInfo
projectId: analytics-account-17
[create project] analytics-Property already exist
[link billing account] analytics-Property 
[AnalyticsProperty] pipeline: billingAccountName: billingAccounts/012914-9E95D1-A1EEE8
billingEnabled: true
name: projects/analytics-property-17/billingInfo
projectId: analytics-property-17
[create project] analytics-DataStream already exist
[link billing account] analytics-DataStream 
[AnalyticsDataStream] pipeline: billingAccountName: billingAccounts/012914-9E95D1-A1EEE8
billingEnabled: true
name: projects/analytics-datastream-17/billingInfo
projectId: analytics-datastream-17
[create project] analytics-FirebaseLink already exist
[link billing account] analytics-FirebaseLink 
[AnalyticsFirebaseLink] pipeline: billingAccountName: billingAccounts/012914-9E95D1-A1EEE8
billingEnabled: true
name: projects/analytics-firebaselink-17/billingInfo
projectId: analytics-firebaselink-17
[project validation] analytics-datasharingsettings-17 too long
[create project] analytics-DataSharingSettings already exist
[link billing account] analytics-DataSharingSettings 
[AnalyticsDataSharingSettings] pipeline: billingAccountName: billingAccounts/012914-9E95D1-A1EEE8
billingEnabled: true
name: projects/datasharingsettings-17/billingInfo
projectId: datasharingsettings-17
[create project] analytics-AccountSummary already exist
[link billing account] analytics-AccountSummary 
[create project] analytics-Account already exist
[link billing account] analytics-Account 
[AnalyticsAccount] pipeline: billingAccountName: billingAccounts/012914-9E95D1-A1EEE8
billingEnabled: true
name: projects/analytics-account-17/billingInfo
projectId: analytics-account-17
[create project] analytics-Property already exist
[link billing account] analytics-Property 
[AnalyticsProperty] pipeline: billingAccountName: billingAccounts/012914-9E95D1-A1EEE8
billingEnabled: true
name: projects/analytics-property-17/billingInfo
projectId: analytics-property-17
[create project] analytics-DataStream already exist
[link billing account] analytics-DataStream 
[AnalyticsDataStream] pipeline: billingAccountName: billingAccounts/012914-9E95D1-A1EEE8
billingEnabled: true
name: projects/analytics-datastream-17/billingInfo
projectId: analytics-datastream-17
[create project] analytics-FirebaseLink already exist
[link billing account] analytics-FirebaseLink 
[AnalyticsFirebaseLink] pipeline: billingAccountName: billingAccounts/012914-9E95D1-A1EEE8
billingEnabled: true
name: projects/analytics-firebaselink-17/billingInfo
projectId: analytics-firebaselink-17
[project validation] analytics-datasharingsettings-17 too long
[create project] analytics-DataSharingSettings already exist
[link billing account] analytics-DataSharingSettings 
[AnalyticsDataSharingSettings] pipeline: billingAccountName: billingAccounts/012914-9E95D1-A1EEE8
billingEnabled: true
name: projects/datasharingsettings-17/billingInfo
projectId: datasharingsettings-17
[create project] analytics-AccountSummary already exist
[link billing account] analytics-AccountSummary 
[AnalyticsAccountSummary] pipeline: billingAccountName: billingAccounts/012914-9E95D1-A1EEE8
billingEnabled: true
name: projects/analytics-accountsummary-17/billingInfo
projectId: analytics-accountsummary-17
[project validation] analytics-measurementprotocolsecret-17 too long
[create project] analytics-MeasurementProtocolSecret already exist
[link billing account] analytics-MeasurementProtocolSecret 
[AnalyticsMeasurementProtocolSecret] pipeline: billingAccountName: billingAccounts/012914-9E95D1-A1EEE8
billingEnabled: true
name: projects/measurementprotocolsecret-17/billingInfo
projectId: measurementprotocolsecret-17
[create project] analytics-ConversionEvent already exist
[link billing account] analytics-ConversionEvent 
[AnalyticsConversionEvent] pipeline: billingAccountName: billingAccounts/012914-9E95D1-A1EEE8
billingEnabled: true
name: projects/analytics-conversionevent-17/billingInfo
projectId: analytics-conversionevent-17
[create project] analytics-KeyEvent already exist
[link billing account] analytics-KeyEvent 
[AnalyticsKeyEvent] pipeline: billingAccountName: billingAccounts/012914-9E95D1-A1EEE8
billingEnabled: true
name: projects/analytics-keyevent-17/billingInfo
projectId: analytics-keyevent-17
[create project] analytics-CustomDimension already exist
[link billing account] analytics-CustomDimension 
[AnalyticsCustomDimension] pipeline: billingAccountName: billingAccounts/012914-9E95D1-A1EEE8
billingEnabled: true
name: projects/analytics-customdimension-17/billingInfo
projectId: analytics-customdimension-17
[create project] analytics-CustomMetric already exist
[link billing account] analytics-CustomMetric 
[AnalyticsCustomMetric] pipeline: billingAccountName: billingAccounts/012914-9E95D1-A1EEE8
billingEnabled: true
name: projects/analytics-custommetric-17/billingInfo
projectId: analytics-custommetric-17
[project validation] analytics-dataretentionsettings-17 too long
[create project] analytics-DataRetentionSettings already exist
[link billing account] analytics-DataRetentionSettings 
[AnalyticsDataRetentionSettings] pipeline: billingAccountName: billingAccounts/012914-9E95D1-A1EEE8
billingEnabled: true
name: projects/dataretentionsettings-17/billingInfo
projectId: dataretentionsettings-17
[create project] analytics-Metadata already exist
[link billing account] analytics-Metadata 
[AnalyticsMetadata] pipeline: billingAccountName: billingAccounts/012914-9E95D1-A1EEE8
billingEnabled: true
name: projects/analytics-metadata-17/billingInfo
projectId: analytics-metadata-17
[create project] analytics-AudienceExport already exist
[link billing account] analytics-AudienceExport 
[AnalyticsAudienceExport] pipeline: billingAccountName: billingAccounts/012914-9E95D1-A1EEE8
billingEnabled: true
name: projects/analytics-audienceexport-17/billingInfo
projectId: analytics-audienceexport-17
[create project] api-QuotaInfo already exist
[link billing account] api-QuotaInfo 
[ApiQuotaInfo] pipeline: billingAccountName: billingAccounts/012914-9E95D1-A1EEE8
billingEnabled: true
name: projects/api-quotainfo-17/billingInfo
projectId: api-quotainfo-17
[create project] api-QuotaPreference already exist
[link billing account] api-QuotaPreference 
[ApiQuotaPreference] pipeline: billingAccountName: billingAccounts/012914-9E95D1-A1EEE8
billingEnabled: true
name: projects/api-quotapreference-17/billingInfo
projectId: api-quotapreference-17
[create project] api-QuotaAdjusterSettings already exist
[link billing account] api-QuotaAdjusterSettings 
[ApiQuotaAdjusterSettings] pipeline: billingAccountName: billingAccounts/012914-9E95D1-A1EEE8
billingEnabled: true
name: projects/api-quotaadjustersettings-17/billingInfo
projectId: api-quotaadjustersettings-17
[create project] api-QuotaInfo already exist
[link billing account] api-QuotaInfo 
[ApiQuotaInfo] pipeline: billingAccountName: billingAccounts/012914-9E95D1-A1EEE8
billingEnabled: true
name: projects/api-quotainfo-17/billingInfo
projectId: api-quotainfo-17
[create project] api-QuotaPreference already exist
[link billing account] api-QuotaPreference 
[ApiQuotaPreference] pipeline: billingAccountName: billingAccounts/012914-9E95D1-A1EEE8
billingEnabled: true
name: projects/api-quotapreference-17/billingInfo
projectId: api-quotapreference-17
[create project] api-Service already exist
[link billing account] api-Service 
[ApiService] pipeline: billingAccountName: billingAccounts/012914-9E95D1-A1EEE8
billingEnabled: true
name: projects/api-service-17/billingInfo
projectId: api-service-17
[create project] bigtable-Instance already exist
[link billing account] bigtable-Instance 
[BigtableInstance] pipeline: billingAccountName: billingAccounts/012914-9E95D1-A1EEE8
billingEnabled: true
name: projects/bigtable-instance-17/billingInfo
projectId: bigtable-instance-17
[create project] bigtable-Cluster already exist
[link billing account] bigtable-Cluster 
[BigtableCluster] pipeline: billingAccountName: billingAccounts/012914-9E95D1-A1EEE8
billingEnabled: true
name: projects/bigtable-cluster-17/billingInfo
projectId: bigtable-cluster-17
[create project] bigtable-AppProfile already exist
[link billing account] bigtable-AppProfile 
[BigtableAppProfile] pipeline: billingAccountName: billingAccounts/012914-9E95D1-A1EEE8
billingEnabled: true
name: projects/bigtable-appprofile-17/billingInfo
projectId: bigtable-appprofile-17
[create project] bigtable-HotTablet already exist
[link billing account] bigtable-HotTablet 
[BigtableHotTablet] pipeline: billingAccountName: billingAccounts/012914-9E95D1-A1EEE8
billingEnabled: true
name: projects/bigtable-hottablet-17/billingInfo
projectId: bigtable-hottablet-17
[create project] bigtable-Table already exist
[link billing account] bigtable-Table 
[BigtableTable] pipeline: billingAccountName: billingAccounts/012914-9E95D1-A1EEE8
billingEnabled: true
name: projects/bigtable-table-17/billingInfo
projectId: bigtable-table-17
[create project] bigtable-AuthorizedView already exist
[link billing account] bigtable-AuthorizedView 
[BigtableAuthorizedView] pipeline: billingAccountName: billingAccounts/012914-9E95D1-A1EEE8
billingEnabled: true
name: projects/bigtable-authorizedview-17/billingInfo
projectId: bigtable-authorizedview-17
[create project] bigtable-Snapshot already exist
[link billing account] bigtable-Snapshot 
[BigtableSnapshot] pipeline: billingAccountName: billingAccounts/012914-9E95D1-A1EEE8
billingEnabled: true
name: projects/bigtable-snapshot-17/billingInfo
projectId: bigtable-snapshot-17
[create project] bigtable-Backup already exist
[link billing account] bigtable-Backup 
[BigtableBackup] pipeline: billingAccountName: billingAccounts/012914-9E95D1-A1EEE8
billingEnabled: true
name: projects/bigtable-backup-17/billingInfo
projectId: bigtable-backup-17
[project validation] accessapproval-approvalrequest-17 too long
[create project] accessapproval-ApprovalRequest already exist
[link billing account] accessapproval-ApprovalRequest 
[AccessapprovalApprovalRequest] pipeline: billingAccountName: billingAccounts/012914-9E95D1-A1EEE8
billingEnabled: true
name: projects/approvalrequest-17/billingInfo
projectId: approvalrequest-17
[project validation] accessapproval-accessapprovalsettings-17 too long
[create project] accessapproval-AccessApprovalSettings already exist
[link billing account] accessapproval-AccessApprovalSettings 
[AccessapprovalAccessApprovalSettings] pipeline: billingAccountName: billingAccounts/012914-9E95D1-A1EEE8
billingEnabled: true
name: projects/accessapprovalsettings-17/billingInfo
projectId: accessapprovalsettings-17
[project validation] accessapproval-accessapprovalserviceaccount-17 too long
[project validation] accessapprovalserviceaccount-17 too long
[project validation] advisorynotifications-notification-17 too long
[project validation] advisorynotifications-settings-17 too long
[create project] advisorynotifications-Settings already exist
[link billing account] advisorynotifications-Settings 
[AdvisorynotificationsSettings] pipeline: billingAccountName: billingAccounts/012914-9E95D1-A1EEE8
billingEnabled: true
name: projects/settings-17/billingInfo
projectId: settings-17
[create project] alloydb-Cluster already exist
[link billing account] alloydb-Cluster 
[AlloydbCluster] pipeline: billingAccountName: billingAccounts/012914-9E95D1-A1EEE8
billingEnabled: true
name: projects/alloydb-cluster-17/billingInfo
projectId: alloydb-cluster-17
[create project] alloydb-Instance already exist
[link billing account] alloydb-Instance 
[AlloydbInstance] pipeline: billingAccountName: billingAccounts/012914-9E95D1-A1EEE8
billingEnabled: true
name: projects/alloydb-instance-17/billingInfo
projectId: alloydb-instance-17
[create project] alloydb-ConnectionInfo already exist
[link billing account] alloydb-ConnectionInfo 
[AlloydbConnectionInfo] pipeline: billingAccountName: billingAccounts/012914-9E95D1-A1EEE8
billingEnabled: true
name: projects/alloydb-connectioninfo-17/billingInfo
projectId: alloydb-connectioninfo-17
[create project] alloydb-Backup already exist
[link billing account] alloydb-Backup 
[AlloydbBackup] pipeline: billingAccountName: billingAccounts/012914-9E95D1-A1EEE8
billingEnabled: true
name: projects/alloydb-backup-17/billingInfo
projectId: alloydb-backup-17
[project validation] alloydb-supporteddatabaseflag-17 too long
[create project] alloydb-SupportedDatabaseFlag already exist
[link billing account] alloydb-SupportedDatabaseFlag 
[AlloydbSupportedDatabaseFlag] pipeline: billingAccountName: billingAccounts/012914-9E95D1-A1EEE8
billingEnabled: true
name: projects/supporteddatabaseflag-17/billingInfo
projectId: supporteddatabaseflag-17
[create project] alloydb-User already exist
[link billing account] alloydb-User 
[AlloydbUser] pipeline: billingAccountName: billingAccounts/012914-9E95D1-A1EEE8
billingEnabled: true
name: projects/alloydb-user-17/billingInfo
projectId: alloydb-user-17
[create project] alloydb-Database already exist
[link billing account] alloydb-Database 
[AlloydbDatabase] pipeline: billingAccountName: billingAccounts/012914-9E95D1-A1EEE8
billingEnabled: true
name: projects/alloydb-database-17/billingInfo
projectId: alloydb-database-17
[create project] alloydb-Cluster already exist
[link billing account] alloydb-Cluster 
[AlloydbCluster] pipeline: billingAccountName: billingAccounts/012914-9E95D1-A1EEE8
billingEnabled: true
name: projects/alloydb-cluster-17/billingInfo
projectId: alloydb-cluster-17
[create project] alloydb-Instance already exist
[link billing account] alloydb-Instance 
[AlloydbInstance] pipeline: billingAccountName: billingAccounts/012914-9E95D1-A1EEE8
billingEnabled: true
name: projects/alloydb-instance-17/billingInfo
projectId: alloydb-instance-17
[create project] alloydb-ConnectionInfo already exist
[link billing account] alloydb-ConnectionInfo 
[AlloydbConnectionInfo] pipeline: billingAccountName: billingAccounts/012914-9E95D1-A1EEE8
billingEnabled: true
name: projects/alloydb-connectioninfo-17/billingInfo
projectId: alloydb-connectioninfo-17
[create project] alloydb-Backup already exist
[link billing account] alloydb-Backup 
[AlloydbBackup] pipeline: billingAccountName: billingAccounts/012914-9E95D1-A1EEE8
billingEnabled: true
name: projects/alloydb-backup-17/billingInfo
projectId: alloydb-backup-17
[project validation] alloydb-supporteddatabaseflag-17 too long
[create project] alloydb-SupportedDatabaseFlag already exist
[link billing account] alloydb-SupportedDatabaseFlag 
[AlloydbSupportedDatabaseFlag] pipeline: billingAccountName: billingAccounts/012914-9E95D1-A1EEE8
billingEnabled: true
name: projects/supporteddatabaseflag-17/billingInfo
projectId: supporteddatabaseflag-17
[create project] alloydb-User already exist
[link billing account] alloydb-User 
[AlloydbUser] pipeline: billingAccountName: billingAccounts/012914-9E95D1-A1EEE8
billingEnabled: true
name: projects/alloydb-user-17/billingInfo
projectId: alloydb-user-17
[create project] alloydb-Database already exist
[link billing account] alloydb-Database 
[AlloydbDatabase] pipeline: billingAccountName: billingAccounts/012914-9E95D1-A1EEE8
billingEnabled: true
name: projects/alloydb-database-17/billingInfo
projectId: alloydb-database-17
[create project] apigateway-Api already exist
[link billing account] apigateway-Api 
[ApigatewayApi] pipeline: billingAccountName: billingAccounts/012914-9E95D1-A1EEE8
billingEnabled: true
name: projects/apigateway-api-17/billingInfo
projectId: apigateway-api-17
[create project] apigateway-ApiConfig already exist
[link billing account] apigateway-ApiConfig 
[ApigatewayApiConfig] pipeline: billingAccountName: billingAccounts/012914-9E95D1-A1EEE8
billingEnabled: true
name: projects/apigateway-apiconfig-17/billingInfo
projectId: apigateway-apiconfig-17
[create project] apigateway-Gateway already exist
[link billing account] apigateway-Gateway 
[ApigatewayGateway] pipeline: billingAccountName: billingAccounts/012914-9E95D1-A1EEE8
billingEnabled: true
name: projects/apigateway-gateway-17/billingInfo
projectId: apigateway-gateway-17
[create project] apigeeregistry-Instance already exist
[link billing account] apigeeregistry-Instance 
[ApigeeregistryInstance] pipeline: billingAccountName: billingAccounts/012914-9E95D1-A1EEE8
billingEnabled: true
name: projects/apigeeregistry-instance-17/billingInfo
projectId: apigeeregistry-instance-17
[create project] apigeeregistry-Api already exist
[link billing account] apigeeregistry-Api 
[ApigeeregistryApi] pipeline: billingAccountName: billingAccounts/012914-9E95D1-A1EEE8
billingEnabled: true
name: projects/apigeeregistry-api-17/billingInfo
projectId: apigeeregistry-api-17
[create project] apigeeregistry-ApiVersion already exist
[link billing account] apigeeregistry-ApiVersion 
[ApigeeregistryApiVersion] pipeline: billingAccountName: billingAccounts/012914-9E95D1-A1EEE8
billingEnabled: true
name: projects/apigeeregistry-apiversion-17/billingInfo
projectId: apigeeregistry-apiversion-17
[create project] apigeeregistry-ApiSpec already exist
[link billing account] apigeeregistry-ApiSpec 
[ApigeeregistryApiSpec] pipeline: billingAccountName: billingAccounts/012914-9E95D1-A1EEE8
billingEnabled: true
name: projects/apigeeregistry-apispec-17/billingInfo
projectId: apigeeregistry-apispec-17
[project validation] apigeeregistry-apideployment-17 too long
[create project] apigeeregistry-ApiDeployment already exist
[link billing account] apigeeregistry-ApiDeployment 
[ApigeeregistryApiDeployment] pipeline: billingAccountName: billingAccounts/012914-9E95D1-A1EEE8
billingEnabled: true
name: projects/apideployment-17/billingInfo
projectId: apideployment-17
[create project] apigeeregistry-Artifact already exist
[link billing account] apigeeregistry-Artifact 
[ApigeeregistryArtifact] pipeline: billingAccountName: billingAccounts/012914-9E95D1-A1EEE8
billingEnabled: true
name: projects/apigeeregistry-artifact-17/billingInfo
projectId: apigeeregistry-artifact-17
[create project] apihub-Api already exist
[link billing account] apihub-Api 
[ApihubApi] pipeline: billingAccountName: billingAccounts/012914-9E95D1-A1EEE8
billingEnabled: true
name: projects/apihub-api-17/billingInfo
projectId: apihub-api-17
[create project] apihub-Version already exist
[link billing account] apihub-Version 
[ApihubVersion] pipeline: billingAccountName: billingAccounts/012914-9E95D1-A1EEE8
billingEnabled: true
name: projects/apihub-version-17/billingInfo
projectId: apihub-version-17
[create project] apihub-Spec already exist
[link billing account] apihub-Spec 
[ApihubSpec] pipeline: billingAccountName: billingAccounts/012914-9E95D1-A1EEE8
billingEnabled: true
name: projects/apihub-spec-17/billingInfo
projectId: apihub-spec-17
[create project] apihub-Deployment already exist
[link billing account] apihub-Deployment 
[ApihubDeployment] pipeline: billingAccountName: billingAccounts/012914-9E95D1-A1EEE8
billingEnabled: true
name: projects/apihub-deployment-17/billingInfo
projectId: apihub-deployment-17
[create project] apihub-ApiOperation already exist
[link billing account] apihub-ApiOperation 
[ApihubApiOperation] pipeline: billingAccountName: billingAccounts/012914-9E95D1-A1EEE8
billingEnabled: true
name: projects/apihub-apioperation-17/billingInfo
projectId: apihub-apioperation-17
[create project] apihub-Definition already exist
[link billing account] apihub-Definition 
[ApihubDefinition] pipeline: billingAccountName: billingAccounts/012914-9E95D1-A1EEE8
billingEnabled: true
name: projects/apihub-definition-17/billingInfo
projectId: apihub-definition-17
[create project] apihub-Attribute already exist
[link billing account] apihub-Attribute 
[ApihubAttribute] pipeline: billingAccountName: billingAccounts/012914-9E95D1-A1EEE8
billingEnabled: true
name: projects/apihub-attribute-17/billingInfo
projectId: apihub-attribute-17
