[create project] oracledatabase-AutonomousDatabaseCharacterSet: ERROR: (gcloud.projects.create) argument PROJECT_ID: Bad value [19]: Project IDs are immutable and can be set only during project creation. They must start with a lowercase letter and can have lowercase ASCII letters, digits or hyphens. Project IDs must be between 6 and 30 characters.
Usage: gcloud projects create [PROJECT_ID] [optional flags]
  optional flags may be  --enable-cloud-apis | --folder | --help | --labels |
                         --name | --organization | --set-as-default | --tags

For detailed information on this command and its flags, run:
  gcloud projects create --help
[create project] recaptchaenterprise-RelatedAccountGroupMembership: ERROR: (gcloud.projects.create) argument PROJECT_ID: Bad value [19]: Project IDs are immutable and can be set only during project creation. They must start with a lowercase letter and can have lowercase ASCII letters, digits or hyphens. Project IDs must be between 6 and 30 characters.
Usage: gcloud projects create [PROJECT_ID] [optional flags]
  optional flags may be  --enable-cloud-apis | --folder | --help | --labels |
                         --name | --organization | --set-as-default | --tags

For detailed information on this command and its flags, run:
  gcloud projects create --help
[create project] securitycenter-ServiceAccount: ERROR: (gcloud.projects.create) Project creation failed. The project ID you specified is already in use by another project. Please try an alternative ID.
[create project] securitycenter-EffectiveEventThreatDetectionCustomModule: ERROR: (gcloud.projects.create) argument PROJECT_ID: Bad value [19]: Project IDs are immutable and can be set only during project creation. They must start with a lowercase letter and can have lowercase ASCII letters, digits or hyphens. Project IDs must be between 6 and 30 characters.
Usage: gcloud projects create [PROJECT_ID] [optional flags]
  optional flags may be  --enable-cloud-apis | --folder | --help | --labels |
                         --name | --organization | --set-as-default | --tags

For detailed information on this command and its flags, run:
  gcloud projects create --help
[create project] securitycenter-EffectiveSecurityHealthAnalyticsCustomModule: ERROR: (gcloud.projects.create) argument PROJECT_ID: Bad value [19]: Project IDs are immutable and can be set only during project creation. They must start with a lowercase letter and can have lowercase ASCII letters, digits or hyphens. Project IDs must be between 6 and 30 characters.
Usage: gcloud projects create [PROJECT_ID] [optional flags]
  optional flags may be  --enable-cloud-apis | --folder | --help | --labels |
                         --name | --organization | --set-as-default | --tags

For detailed information on this command and its flags, run:
  gcloud projects create --help
[create project] securitycenter-EventThreatDetectionCustomModule: ERROR: (gcloud.projects.create) argument PROJECT_ID: Bad value [19]: Project IDs are immutable and can be set only during project creation. They must start with a lowercase letter and can have lowercase ASCII letters, digits or hyphens. Project IDs must be between 6 and 30 characters.
Usage: gcloud projects create [PROJECT_ID] [optional flags]
  optional flags may be  --enable-cloud-apis | --folder | --help | --labels |
                         --name | --organization | --set-as-default | --tags

For detailed information on this command and its flags, run:
  gcloud projects create --help
[create project] securitycenter-SecurityHealthAnalyticsCustomModule: ERROR: (gcloud.projects.create) argument PROJECT_ID: Bad value [19]: Project IDs are immutable and can be set only during project creation. They must start with a lowercase letter and can have lowercase ASCII letters, digits or hyphens. Project IDs must be between 6 and 30 characters.
Usage: gcloud projects create [PROJECT_ID] [optional flags]
  optional flags may be  --enable-cloud-apis | --folder | --help | --labels |
                         --name | --organization | --set-as-default | --tags

For detailed information on this command and its flags, run:
  gcloud projects create --help
[create project] securitycentermanagement-EffectiveSecurityHealthAnalyticsCustomModule: ERROR: (gcloud.projects.create) argument PROJECT_ID: Bad value [19]: Project IDs are immutable and can be set only during project creation. They must start with a lowercase letter and can have lowercase ASCII letters, digits or hyphens. Project IDs must be between 6 and 30 characters.
Usage: gcloud projects create [PROJECT_ID] [optional flags]
  optional flags may be  --enable-cloud-apis | --folder | --help | --labels |
                         --name | --organization | --set-as-default | --tags

For detailed information on this command and its flags, run:
  gcloud projects create --help
[create project] securitycentermanagement-SecurityHealthAnalyticsCustomModule: ERROR: (gcloud.projects.create) argument PROJECT_ID: Bad value [19]: Project IDs are immutable and can be set only during project creation. They must start with a lowercase letter and can have lowercase ASCII letters, digits or hyphens. Project IDs must be between 6 and 30 characters.
Usage: gcloud projects create [PROJECT_ID] [optional flags]
  optional flags may be  --enable-cloud-apis | --folder | --help | --labels |
                         --name | --organization | --set-as-default | --tags

For detailed information on this command and its flags, run:
  gcloud projects create --help
[create project] securitycentermanagement-EffectiveEventThreatDetectionCustomModule: ERROR: (gcloud.projects.create) argument PROJECT_ID: Bad value [19]: Project IDs are immutable and can be set only during project creation. They must start with a lowercase letter and can have lowercase ASCII letters, digits or hyphens. Project IDs must be between 6 and 30 characters.
Usage: gcloud projects create [PROJECT_ID] [optional flags]
  optional flags may be  --enable-cloud-apis | --folder | --help | --labels |
                         --name | --organization | --set-as-default | --tags

For detailed information on this command and its flags, run:
  gcloud projects create --help
[create project] securitycentermanagement-EventThreatDetectionCustomModule: ERROR: (gcloud.projects.create) argument PROJECT_ID: Bad value [19]: Project IDs are immutable and can be set only during project creation. They must start with a lowercase letter and can have lowercase ASCII letters, digits or hyphens. Project IDs must be between 6 and 30 characters.
Usage: gcloud projects create [PROJECT_ID] [optional flags]
  optional flags may be  --enable-cloud-apis | --folder | --help | --labels |
                         --name | --organization | --set-as-default | --tags

For detailed information on this command and its flags, run:
  gcloud projects create --help
