[create project] analytics-Account already exist
[link billing account] analytics-Account 
[AnalyticsAccount] pipeline: billingAccountName: billingAccounts/012914-9E95D1-A1EEE8
billingEnabled: true
name: projects/analytics-account-17/billingInfo
projectId: analytics-account-17
[create project] analytics-Property already exist
[link billing account] analytics-Property 
[AnalyticsProperty] pipeline: billingAccountName: billingAccounts/012914-9E95D1-A1EEE8
billingEnabled: true
name: projects/analytics-property-17/billingInfo
projectId: analytics-property-17
[create project] analytics-DataStream already exist
[link billing account] analytics-DataStream 
[AnalyticsDataStream] pipeline: billingAccountName: billingAccounts/012914-9E95D1-A1EEE8
billingEnabled: true
name: projects/analytics-datastream-17/billingInfo
projectId: analytics-datastream-17
[create project] analytics-FirebaseLink already exist
[link billing account] analytics-FirebaseLink 
[AnalyticsFirebaseLink] pipeline: billingAccountName: billingAccounts/012914-9E95D1-A1EEE8
billingEnabled: true
name: projects/analytics-firebaselink-17/billingInfo
projectId: analytics-firebaselink-17
[project validation] analytics-datasharingsettings-17 too long
[create project] analytics-DataSharingSettings already exist
[link billing account] analytics-DataSharingSettings 
[AnalyticsDataSharingSettings] pipeline: billingAccountName: billingAccounts/012914-9E95D1-A1EEE8
billingEnabled: true
name: projects/datasharingsettings-17/billingInfo
projectId: datasharingsettings-17
[create project] analytics-AccountSummary already exist
[link billing account] analytics-AccountSummary 
[AnalyticsAccountSummary] pipeline: billingAccountName: billingAccounts/012914-9E95D1-A1EEE8
billingEnabled: true
name: projects/analytics-accountsummary-17/billingInfo
projectId: analytics-accountsummary-17
[project validation] analytics-measurementprotocolsecret-17 too long
[create project] analytics-MeasurementProtocolSecret already exist
[link billing account] analytics-MeasurementProtocolSecret 
[AnalyticsMeasurementProtocolSecret] pipeline: billingAccountName: billingAccounts/012914-9E95D1-A1EEE8
billingEnabled: true
name: projects/measurementprotocolsecret-17/billingInfo
projectId: measurementprotocolsecret-17
[create project] analytics-ConversionEvent already exist
[link billing account] analytics-ConversionEvent 
[AnalyticsConversionEvent] pipeline: billingAccountName: billingAccounts/012914-9E95D1-A1EEE8
billingEnabled: true
name: projects/analytics-conversionevent-17/billingInfo
projectId: analytics-conversionevent-17
[create project] analytics-KeyEvent already exist
[link billing account] analytics-KeyEvent 
[AnalyticsKeyEvent] pipeline: billingAccountName: billingAccounts/012914-9E95D1-A1EEE8
billingEnabled: true
name: projects/analytics-keyevent-17/billingInfo
projectId: analytics-keyevent-17
[create project] analytics-CustomDimension already exist
[link billing account] analytics-CustomDimension 
[AnalyticsCustomDimension] pipeline: billingAccountName: billingAccounts/012914-9E95D1-A1EEE8
billingEnabled: true
name: projects/analytics-customdimension-17/billingInfo
projectId: analytics-customdimension-17
[create project] analytics-CustomMetric already exist
[link billing account] analytics-CustomMetric 
[AnalyticsCustomMetric] pipeline: billingAccountName: billingAccounts/012914-9E95D1-A1EEE8
billingEnabled: true
name: projects/analytics-custommetric-17/billingInfo
projectId: analytics-custommetric-17
[project validation] analytics-dataretentionsettings-17 too long
[create project] analytics-DataRetentionSettings already exist
[link billing account] analytics-DataRetentionSettings 
[AnalyticsDataRetentionSettings] pipeline: billingAccountName: billingAccounts/012914-9E95D1-A1EEE8
billingEnabled: true
name: projects/dataretentionsettings-17/billingInfo
projectId: dataretentionsettings-17
[create project] analytics-Metadata already exist
[link billing account] analytics-Metadata 
[AnalyticsMetadata] pipeline: billingAccountName: billingAccounts/012914-9E95D1-A1EEE8
billingEnabled: true
name: projects/analytics-metadata-17/billingInfo
projectId: analytics-metadata-17
[create project] analytics-AudienceExport already exist
[link billing account] analytics-AudienceExport 
[AnalyticsAudienceExport] pipeline: billingAccountName: billingAccounts/012914-9E95D1-A1EEE8
billingEnabled: true
name: projects/analytics-audienceexport-17/billingInfo
projectId: analytics-audienceexport-17
[create project] api-QuotaInfo already exist
[link billing account] api-QuotaInfo 
[ApiQuotaInfo] pipeline: billingAccountName: billingAccounts/012914-9E95D1-A1EEE8
billingEnabled: true
name: projects/api-quotainfo-17/billingInfo
projectId: api-quotainfo-17
[create project] api-QuotaPreference already exist
[link billing account] api-QuotaPreference 
[ApiQuotaPreference] pipeline: billingAccountName: billingAccounts/012914-9E95D1-A1EEE8
billingEnabled: true
name: projects/api-quotapreference-17/billingInfo
projectId: api-quotapreference-17
[create project] api-QuotaAdjusterSettings already exist
[link billing account] api-QuotaAdjusterSettings 
[ApiQuotaAdjusterSettings] pipeline: billingAccountName: billingAccounts/012914-9E95D1-A1EEE8
billingEnabled: true
name: projects/api-quotaadjustersettings-17/billingInfo
projectId: api-quotaadjustersettings-17
[create project] api-QuotaInfo already exist
[link billing account] api-QuotaInfo 
[ApiQuotaInfo] pipeline: billingAccountName: billingAccounts/012914-9E95D1-A1EEE8
billingEnabled: true
name: projects/api-quotainfo-17/billingInfo
projectId: api-quotainfo-17
[create project] api-QuotaPreference already exist
[link billing account] api-QuotaPreference 
[ApiQuotaPreference] pipeline: billingAccountName: billingAccounts/012914-9E95D1-A1EEE8
billingEnabled: true
name: projects/api-quotapreference-17/billingInfo
projectId: api-quotapreference-17
[create project] api-Service already exist
[link billing account] api-Service 
[ApiService] pipeline: billingAccountName: billingAccounts/012914-9E95D1-A1EEE8
billingEnabled: true
name: projects/api-service-17/billingInfo
projectId: api-service-17
[create project] bigtable-Instance already exist
[link billing account] bigtable-Instance 
[BigtableInstance] pipeline: billingAccountName: billingAccounts/012914-9E95D1-A1EEE8
billingEnabled: true
name: projects/bigtable-instance-17/billingInfo
projectId: bigtable-instance-17
[create project] bigtable-Cluster already exist
[link billing account] bigtable-Cluster 
[BigtableCluster] pipeline: billingAccountName: billingAccounts/012914-9E95D1-A1EEE8
billingEnabled: true
name: projects/bigtable-cluster-17/billingInfo
projectId: bigtable-cluster-17
[create project] bigtable-AppProfile already exist
[link billing account] bigtable-AppProfile 
[BigtableAppProfile] pipeline: billingAccountName: billingAccounts/012914-9E95D1-A1EEE8
billingEnabled: true
name: projects/bigtable-appprofile-17/billingInfo
projectId: bigtable-appprofile-17
[create project] bigtable-HotTablet already exist
[link billing account] bigtable-HotTablet 
[BigtableHotTablet] pipeline: billingAccountName: billingAccounts/012914-9E95D1-A1EEE8
billingEnabled: true
name: projects/bigtable-hottablet-17/billingInfo
projectId: bigtable-hottablet-17
[create project] bigtable-Table already exist
[link billing account] bigtable-Table 
[BigtableTable] pipeline: billingAccountName: billingAccounts/012914-9E95D1-A1EEE8
billingEnabled: true
name: projects/bigtable-table-17/billingInfo
projectId: bigtable-table-17
[create project] bigtable-AuthorizedView already exist
[link billing account] bigtable-AuthorizedView 
[BigtableAuthorizedView] pipeline: billingAccountName: billingAccounts/012914-9E95D1-A1EEE8
billingEnabled: true
name: projects/bigtable-authorizedview-17/billingInfo
projectId: bigtable-authorizedview-17
[create project] bigtable-Snapshot already exist
[link billing account] bigtable-Snapshot 
[BigtableSnapshot] pipeline: billingAccountName: billingAccounts/012914-9E95D1-A1EEE8
billingEnabled: true
name: projects/bigtable-snapshot-17/billingInfo
projectId: bigtable-snapshot-17
[create project] bigtable-Backup already exist
[link billing account] bigtable-Backup 
[BigtableBackup] pipeline: billingAccountName: billingAccounts/012914-9E95D1-A1EEE8
billingEnabled: true
name: projects/bigtable-backup-17/billingInfo
projectId: bigtable-backup-17
[project validation] accessapproval-approvalrequest-17 too long
[create project] accessapproval-ApprovalRequest already exist
[link billing account] accessapproval-ApprovalRequest 
[AccessapprovalApprovalRequest] pipeline: billingAccountName: billingAccounts/012914-9E95D1-A1EEE8
billingEnabled: true
name: projects/approvalrequest-17/billingInfo
projectId: approvalrequest-17
[project validation] accessapproval-accessapprovalsettings-17 too long
[create project] accessapproval-AccessApprovalSettings already exist
[link billing account] accessapproval-AccessApprovalSettings 
[AccessapprovalAccessApprovalSettings] pipeline: billingAccountName: billingAccounts/012914-9E95D1-A1EEE8
billingEnabled: true
name: projects/accessapprovalsettings-17/billingInfo
projectId: accessapprovalsettings-17
[project validation] accessapproval-accessapprovalserviceaccount-17 too long
[project validation] accessapprovalserviceaccount-17 too long
[project validation] advisorynotifications-notification-17 too long
[project validation] advisorynotifications-settings-17 too long
[create project] advisorynotifications-Settings already exist
[link billing account] advisorynotifications-Settings 
[AdvisorynotificationsSettings] pipeline: billingAccountName: billingAccounts/012914-9E95D1-A1EEE8
billingEnabled: true
name: projects/settings-17/billingInfo
projectId: settings-17
[create project] alloydb-Cluster already exist
[link billing account] alloydb-Cluster 
[AlloydbCluster] pipeline: billingAccountName: billingAccounts/012914-9E95D1-A1EEE8
billingEnabled: true
name: projects/alloydb-cluster-17/billingInfo
projectId: alloydb-cluster-17
[create project] alloydb-Instance already exist
[link billing account] alloydb-Instance 
[AlloydbInstance] pipeline: billingAccountName: billingAccounts/012914-9E95D1-A1EEE8
billingEnabled: true
name: projects/alloydb-instance-17/billingInfo
projectId: alloydb-instance-17
[create project] alloydb-ConnectionInfo already exist
[link billing account] alloydb-ConnectionInfo 
[AlloydbConnectionInfo] pipeline: billingAccountName: billingAccounts/012914-9E95D1-A1EEE8
billingEnabled: true
name: projects/alloydb-connectioninfo-17/billingInfo
projectId: alloydb-connectioninfo-17
[create project] alloydb-Backup already exist
[link billing account] alloydb-Backup 
[AlloydbBackup] pipeline: billingAccountName: billingAccounts/012914-9E95D1-A1EEE8
billingEnabled: true
name: projects/alloydb-backup-17/billingInfo
projectId: alloydb-backup-17
[project validation] alloydb-supporteddatabaseflag-17 too long
[create project] alloydb-SupportedDatabaseFlag already exist
[link billing account] alloydb-SupportedDatabaseFlag 
[AlloydbSupportedDatabaseFlag] pipeline: billingAccountName: billingAccounts/012914-9E95D1-A1EEE8
billingEnabled: true
name: projects/supporteddatabaseflag-17/billingInfo
projectId: supporteddatabaseflag-17
[create project] alloydb-User already exist
[link billing account] alloydb-User 
[AlloydbUser] pipeline: billingAccountName: billingAccounts/012914-9E95D1-A1EEE8
billingEnabled: true
name: projects/alloydb-user-17/billingInfo
projectId: alloydb-user-17
[create project] alloydb-Database already exist
[link billing account] alloydb-Database 
[AlloydbDatabase] pipeline: billingAccountName: billingAccounts/012914-9E95D1-A1EEE8
billingEnabled: true
name: projects/alloydb-database-17/billingInfo
projectId: alloydb-database-17
[create project] alloydb-Cluster already exist
[link billing account] alloydb-Cluster 
[AlloydbCluster] pipeline: billingAccountName: billingAccounts/012914-9E95D1-A1EEE8
billingEnabled: true
name: projects/alloydb-cluster-17/billingInfo
projectId: alloydb-cluster-17
[create project] alloydb-Instance already exist
[link billing account] alloydb-Instance 
[AlloydbInstance] pipeline: billingAccountName: billingAccounts/012914-9E95D1-A1EEE8
billingEnabled: true
name: projects/alloydb-instance-17/billingInfo
projectId: alloydb-instance-17
[create project] alloydb-ConnectionInfo already exist
[link billing account] alloydb-ConnectionInfo 
[AlloydbConnectionInfo] pipeline: billingAccountName: billingAccounts/012914-9E95D1-A1EEE8
billingEnabled: true
name: projects/alloydb-connectioninfo-17/billingInfo
projectId: alloydb-connectioninfo-17
[create project] alloydb-Backup already exist
[link billing account] alloydb-Backup 
[AlloydbBackup] pipeline: billingAccountName: billingAccounts/012914-9E95D1-A1EEE8
billingEnabled: true
name: projects/alloydb-backup-17/billingInfo
projectId: alloydb-backup-17
[project validation] alloydb-supporteddatabaseflag-17 too long
[create project] alloydb-SupportedDatabaseFlag already exist
[link billing account] alloydb-SupportedDatabaseFlag 
[AlloydbSupportedDatabaseFlag] pipeline: billingAccountName: billingAccounts/012914-9E95D1-A1EEE8
billingEnabled: true
name: projects/supporteddatabaseflag-17/billingInfo
projectId: supporteddatabaseflag-17
[create project] alloydb-User already exist
[link billing account] alloydb-User 
[AlloydbUser] pipeline: billingAccountName: billingAccounts/012914-9E95D1-A1EEE8
billingEnabled: true
name: projects/alloydb-user-17/billingInfo
projectId: alloydb-user-17
[create project] alloydb-Database already exist
[link billing account] alloydb-Database 
[AlloydbDatabase] pipeline: billingAccountName: billingAccounts/012914-9E95D1-A1EEE8
billingEnabled: true
name: projects/alloydb-database-17/billingInfo
projectId: alloydb-database-17
[create project] apigateway-Api already exist
[link billing account] apigateway-Api 
[ApigatewayApi] pipeline: billingAccountName: billingAccounts/012914-9E95D1-A1EEE8
billingEnabled: true
name: projects/apigateway-api-17/billingInfo
projectId: apigateway-api-17
[create project] apigateway-ApiConfig already exist
[link billing account] apigateway-ApiConfig 
[ApigatewayApiConfig] pipeline: billingAccountName: billingAccounts/012914-9E95D1-A1EEE8
billingEnabled: true
name: projects/apigateway-apiconfig-17/billingInfo
projectId: apigateway-apiconfig-17
[create project] apigateway-Gateway already exist
[link billing account] apigateway-Gateway 
[ApigatewayGateway] pipeline: billingAccountName: billingAccounts/012914-9E95D1-A1EEE8
billingEnabled: true
name: projects/apigateway-gateway-17/billingInfo
projectId: apigateway-gateway-17
[create project] apigeeregistry-Instance already exist
[link billing account] apigeeregistry-Instance 
[ApigeeregistryInstance] pipeline: billingAccountName: billingAccounts/012914-9E95D1-A1EEE8
billingEnabled: true
name: projects/apigeeregistry-instance-17/billingInfo
projectId: apigeeregistry-instance-17
[create project] apigeeregistry-Api already exist
[link billing account] apigeeregistry-Api 
[ApigeeregistryApi] pipeline: billingAccountName: billingAccounts/012914-9E95D1-A1EEE8
billingEnabled: true
name: projects/apigeeregistry-api-17/billingInfo
projectId: apigeeregistry-api-17
[create project] apigeeregistry-ApiVersion already exist
[link billing account] apigeeregistry-ApiVersion 
[ApigeeregistryApiVersion] pipeline: billingAccountName: billingAccounts/012914-9E95D1-A1EEE8
billingEnabled: true
name: projects/apigeeregistry-apiversion-17/billingInfo
projectId: apigeeregistry-apiversion-17
[create project] apigeeregistry-ApiSpec already exist
[link billing account] apigeeregistry-ApiSpec 
[ApigeeregistryApiSpec] pipeline: billingAccountName: billingAccounts/012914-9E95D1-A1EEE8
billingEnabled: true
name: projects/apigeeregistry-apispec-17/billingInfo
projectId: apigeeregistry-apispec-17
[project validation] apigeeregistry-apideployment-17 too long
[create project] apigeeregistry-ApiDeployment already exist
[link billing account] apigeeregistry-ApiDeployment 
[ApigeeregistryApiDeployment] pipeline: billingAccountName: billingAccounts/012914-9E95D1-A1EEE8
billingEnabled: true
name: projects/apideployment-17/billingInfo
projectId: apideployment-17
[create project] apigeeregistry-Artifact already exist
[link billing account] apigeeregistry-Artifact 
[ApigeeregistryArtifact] pipeline: billingAccountName: billingAccounts/012914-9E95D1-A1EEE8
billingEnabled: true
name: projects/apigeeregistry-artifact-17/billingInfo
projectId: apigeeregistry-artifact-17
[create project] apihub-Api already exist
[link billing account] apihub-Api 
[ApihubApi] pipeline: billingAccountName: billingAccounts/012914-9E95D1-A1EEE8
billingEnabled: true
name: projects/apihub-api-17/billingInfo
projectId: apihub-api-17
[create project] apihub-Version already exist
[link billing account] apihub-Version 
[ApihubVersion] pipeline: billingAccountName: billingAccounts/012914-9E95D1-A1EEE8
billingEnabled: true
name: projects/apihub-version-17/billingInfo
projectId: apihub-version-17
[create project] apihub-Spec already exist
[link billing account] apihub-Spec 
[ApihubSpec] pipeline: billingAccountName: billingAccounts/012914-9E95D1-A1EEE8
billingEnabled: true
name: projects/apihub-spec-17/billingInfo
projectId: apihub-spec-17
[create project] apihub-Deployment already exist
[link billing account] apihub-Deployment 
[ApihubDeployment] pipeline: billingAccountName: billingAccounts/012914-9E95D1-A1EEE8
billingEnabled: true
name: projects/apihub-deployment-17/billingInfo
projectId: apihub-deployment-17
[create project] apihub-ApiOperation already exist
[link billing account] apihub-ApiOperation 
[ApihubApiOperation] pipeline: billingAccountName: billingAccounts/012914-9E95D1-A1EEE8
billingEnabled: true
name: projects/apihub-apioperation-17/billingInfo
projectId: apihub-apioperation-17
[create project] apihub-Definition already exist
[link billing account] apihub-Definition 
[ApihubDefinition] pipeline: billingAccountName: billingAccounts/012914-9E95D1-A1EEE8
billingEnabled: true
name: projects/apihub-definition-17/billingInfo
projectId: apihub-definition-17
[create project] apihub-Attribute already exist
[link billing account] apihub-Attribute 
[ApihubAttribute] pipeline: billingAccountName: billingAccounts/012914-9E95D1-A1EEE8
billingEnabled: true
name: projects/apihub-attribute-17/billingInfo
projectId: apihub-attribute-17
[create project] apihub-Dependency already exist
[link billing account] apihub-Dependency 
[ApihubDependency] pipeline: billingAccountName: billingAccounts/012914-9E95D1-A1EEE8
billingEnabled: true
name: projects/apihub-dependency-17/billingInfo
projectId: apihub-dependency-17
[create project] apihub-ApiHubInstance already exist
[link billing account] apihub-ApiHubInstance 
[ApihubApiHubInstance] pipeline: billingAccountName: billingAccounts/012914-9E95D1-A1EEE8
billingEnabled: true
name: projects/apihub-apihubinstance-17/billingInfo
projectId: apihub-apihubinstance-17
[create project] apihub-ExternalApi already exist
[link billing account] apihub-ExternalApi 
[ApihubExternalApi] pipeline: billingAccountName: billingAccounts/012914-9E95D1-A1EEE8
billingEnabled: true
name: projects/apihub-externalapi-17/billingInfo
projectId: apihub-externalapi-17
[project validation] apihub-hostprojectregistration-17 too long
[create project] apihub-HostProjectRegistration already exist
[link billing account] apihub-HostProjectRegistration 
[ApihubHostProjectRegistration] pipeline: billingAccountName: billingAccounts/012914-9E95D1-A1EEE8
billingEnabled: true
name: projects/hostprojectregistration-17/billingInfo
projectId: hostprojectregistration-17
[create project] apihub-StyleGuide already exist
[link billing account] apihub-StyleGuide 
[ApihubStyleGuide] pipeline: billingAccountName: billingAccounts/012914-9E95D1-A1EEE8
billingEnabled: true
name: projects/apihub-styleguide-17/billingInfo
projectId: apihub-styleguide-17
[create project] apihub-Plugin already exist
[link billing account] apihub-Plugin 
[ApihubPlugin] pipeline: billingAccountName: billingAccounts/012914-9E95D1-A1EEE8
billingEnabled: true
name: projects/apihub-plugin-17/billingInfo
projectId: apihub-plugin-17
[project validation] apihub-runtimeprojectattachment-17 too long
[create project] apihub-RuntimeProjectAttachment already exist
[link billing account] apihub-RuntimeProjectAttachment 
[ApihubRuntimeProjectAttachment] pipeline: billingAccountName: billingAccounts/012914-9E95D1-A1EEE8
billingEnabled: true
name: projects/runtimeprojectattachment-17/billingInfo
projectId: runtimeprojectattachment-17
[create project] apphub-Application already exist
[link billing account] apphub-Application 
[ApphubApplication] pipeline: billingAccountName: billingAccounts/012914-9E95D1-A1EEE8
billingEnabled: true
name: projects/apphub-application-17/billingInfo
projectId: apphub-application-17
[create project] apphub-Service already exist
[link billing account] apphub-Service 
[ApphubService] pipeline: billingAccountName: billingAccounts/012914-9E95D1-A1EEE8
billingEnabled: true
name: projects/apphub-service-17/billingInfo
projectId: apphub-service-17
[create project] apphub-DiscoveredService already exist
[link billing account] apphub-DiscoveredService 
[ApphubDiscoveredService] pipeline: billingAccountName: billingAccounts/012914-9E95D1-A1EEE8
billingEnabled: true
name: projects/apphub-discoveredservice-17/billingInfo
projectId: apphub-discoveredservice-17
[project validation] apphub-serviceprojectattachment-17 too long
[create project] apphub-ServiceProjectAttachment already exist
[link billing account] apphub-ServiceProjectAttachment 
[ApphubServiceProjectAttachment] pipeline: billingAccountName: billingAccounts/012914-9E95D1-A1EEE8
billingEnabled: true
name: projects/serviceprojectattachment-17/billingInfo
projectId: serviceprojectattachment-17
[create project] apphub-Workload already exist
[link billing account] apphub-Workload 
[ApphubWorkload] pipeline: billingAccountName: billingAccounts/012914-9E95D1-A1EEE8
billingEnabled: true
name: projects/apphub-workload-17/billingInfo
projectId: apphub-workload-17
[create project] apphub-DiscoveredWorkload already exist
[link billing account] apphub-DiscoveredWorkload 
[ApphubDiscoveredWorkload] pipeline: billingAccountName: billingAccounts/012914-9E95D1-A1EEE8
billingEnabled: true
name: projects/apphub-discoveredworkload-17/billingInfo
projectId: apphub-discoveredworkload-17
[create project] asset-Feed already exist
[link billing account] asset-Feed 
[AssetFeed] pipeline: billingAccountName: billingAccounts/012914-9E95D1-A1EEE8
billingEnabled: true
name: projects/asset-feed-17/billingInfo
projectId: asset-feed-17
[create project] asset-SavedQuery already exist
[link billing account] asset-SavedQuery 
[AssetSavedQuery] pipeline: billingAccountName: billingAccounts/012914-9E95D1-A1EEE8
billingEnabled: true
name: projects/asset-savedquery-17/billingInfo
projectId: asset-savedquery-17
[create project] asset-Asset already exist
[link billing account] asset-Asset 
[AssetAsset] pipeline: billingAccountName: billingAccounts/012914-9E95D1-A1EEE8
billingEnabled: true
name: projects/asset-asset-17/billingInfo
projectId: asset-asset-17
[create project] asset-Feed already exist
[link billing account] asset-Feed 
[AssetFeed] pipeline: billingAccountName: billingAccounts/012914-9E95D1-A1EEE8
billingEnabled: true
name: projects/asset-feed-17/billingInfo
projectId: asset-feed-17
[create project] asset-Asset already exist
[link billing account] asset-Asset 
[AssetAsset] pipeline: billingAccountName: billingAccounts/012914-9E95D1-A1EEE8
billingEnabled: true
name: projects/asset-asset-17/billingInfo
projectId: asset-asset-17
[create project] asset-Asset already exist
[link billing account] asset-Asset 
[AssetAsset] pipeline: billingAccountName: billingAccounts/012914-9E95D1-A1EEE8
billingEnabled: true
name: projects/asset-asset-17/billingInfo
projectId: asset-asset-17
[create project] asset-Asset already exist
[link billing account] asset-Asset 
[AssetAsset] pipeline: billingAccountName: billingAccounts/012914-9E95D1-A1EEE8
billingEnabled: true
name: projects/asset-asset-17/billingInfo
projectId: asset-asset-17
[create project] assuredworkloads-Workload already exist
[link billing account] assuredworkloads-Workload 
[AssuredworkloadsWorkload] pipeline: billingAccountName: billingAccounts/012914-9E95D1-A1EEE8
billingEnabled: true
name: projects/assuredworkloads-workload-17/billingInfo
projectId: assuredworkloads-workload-17
[create project] assuredworkloads-Violation already exist
[link billing account] assuredworkloads-Violation 
[AssuredworkloadsViolation] pipeline: billingAccountName: billingAccounts/012914-9E95D1-A1EEE8
billingEnabled: true
name: projects/assuredworkloads-violation-17/billingInfo
projectId: assuredworkloads-violation-17
[create project] assuredworkloads-Workload already exist
[link billing account] assuredworkloads-Workload 
[AssuredworkloadsWorkload] pipeline: billingAccountName: billingAccounts/012914-9E95D1-A1EEE8
billingEnabled: true
name: projects/assuredworkloads-workload-17/billingInfo
projectId: assuredworkloads-workload-17
[create project] backupdr-ManagementServer already exist
[link billing account] backupdr-ManagementServer 
[BackupdrManagementServer] pipeline: billingAccountName: billingAccounts/012914-9E95D1-A1EEE8
billingEnabled: true
name: projects/backupdr-managementserver-17/billingInfo
projectId: backupdr-managementserver-17
[create project] backupdr-BackupPlan already exist
[link billing account] backupdr-BackupPlan 
[BackupdrBackupPlan] pipeline: billingAccountName: billingAccounts/012914-9E95D1-A1EEE8
billingEnabled: true
name: projects/backupdr-backupplan-17/billingInfo
projectId: backupdr-backupplan-17
[project validation] backupdr-backupplanassociation-17 too long
[create project] backupdr-BackupPlanAssociation already exist
[link billing account] backupdr-BackupPlanAssociation 
[BackupdrBackupPlanAssociation] pipeline: billingAccountName: billingAccounts/012914-9E95D1-A1EEE8
billingEnabled: true
name: projects/backupplanassociation-17/billingInfo
projectId: backupplanassociation-17
[create project] backupdr-BackupVault already exist
[link billing account] backupdr-BackupVault 
[BackupdrBackupVault] pipeline: billingAccountName: billingAccounts/012914-9E95D1-A1EEE8
billingEnabled: true
name: projects/backupdr-backupvault-17/billingInfo
projectId: backupdr-backupvault-17
[create project] backupdr-DataSource already exist
[link billing account] backupdr-DataSource 
[BackupdrDataSource] pipeline: billingAccountName: billingAccounts/012914-9E95D1-A1EEE8
billingEnabled: true
name: projects/backupdr-datasource-17/billingInfo
projectId: backupdr-datasource-17
[create project] backupdr-Backup already exist
[link billing account] backupdr-Backup 
[BackupdrBackup] pipeline: billingAccountName: billingAccounts/012914-9E95D1-A1EEE8
billingEnabled: true
name: projects/backupdr-backup-17/billingInfo
projectId: backupdr-backup-17
[create project] baremetalsolution-Instance already exist
[link billing account] baremetalsolution-Instance 
[BaremetalsolutionInstance] pipeline: billingAccountName: billingAccounts/012914-9E95D1-A1EEE8
billingEnabled: true
name: projects/baremetalsolution-instance-17/billingInfo
projectId: baremetalsolution-instance-17
[project validation] baremetalsolution-servernetworktemplate-17 too long
[create project] baremetalsolution-ServerNetworkTemplate already exist
[link billing account] baremetalsolution-ServerNetworkTemplate 
[BaremetalsolutionServerNetworkTemplate] pipeline: billingAccountName: billingAccounts/012914-9E95D1-A1EEE8
billingEnabled: true
name: projects/servernetworktemplate-17/billingInfo
projectId: servernetworktemplate-17
[create project] baremetalsolution-Lun already exist
[link billing account] baremetalsolution-Lun 
[BaremetalsolutionLun] pipeline: billingAccountName: billingAccounts/012914-9E95D1-A1EEE8
billingEnabled: true
name: projects/baremetalsolution-lun-17/billingInfo
projectId: baremetalsolution-lun-17
[create project] baremetalsolution-Network already exist
[link billing account] baremetalsolution-Network 
[BaremetalsolutionNetwork] pipeline: billingAccountName: billingAccounts/012914-9E95D1-A1EEE8
billingEnabled: true
name: projects/baremetalsolution-network-17/billingInfo
projectId: baremetalsolution-network-17
[create project] baremetalsolution-NfsShare already exist
[link billing account] baremetalsolution-NfsShare 
[BaremetalsolutionNfsShare] pipeline: billingAccountName: billingAccounts/012914-9E95D1-A1EEE8
billingEnabled: true
name: projects/baremetalsolution-nfsshare-17/billingInfo
projectId: baremetalsolution-nfsshare-17
[create project] baremetalsolution-OSImage already exist
[link billing account] baremetalsolution-OSImage 
[BaremetalsolutionOSImage] pipeline: billingAccountName: billingAccounts/012914-9E95D1-A1EEE8
billingEnabled: true
name: projects/baremetalsolution-osimage-17/billingInfo
projectId: baremetalsolution-osimage-17
[project validation] baremetalsolution-provisioningconfig-17 too long
[create project] baremetalsolution-ProvisioningConfig already exist
[link billing account] baremetalsolution-ProvisioningConfig 
[BaremetalsolutionProvisioningConfig] pipeline: billingAccountName: billingAccounts/012914-9E95D1-A1EEE8
billingEnabled: true
name: projects/provisioningconfig-17/billingInfo
projectId: provisioningconfig-17
[project validation] baremetalsolution-provisioningquota-17 too long
[create project] baremetalsolution-ProvisioningQuota already exist
[link billing account] baremetalsolution-ProvisioningQuota 
[BaremetalsolutionProvisioningQuota] pipeline: billingAccountName: billingAccounts/012914-9E95D1-A1EEE8
billingEnabled: true
name: projects/provisioningquota-17/billingInfo
projectId: provisioningquota-17
[project validation] baremetalsolution-instanceconfig-17 too long
[create project] baremetalsolution-InstanceConfig already exist
[link billing account] baremetalsolution-InstanceConfig 
[BaremetalsolutionInstanceConfig] pipeline: billingAccountName: billingAccounts/012914-9E95D1-A1EEE8
billingEnabled: true
name: projects/instanceconfig-17/billingInfo
projectId: instanceconfig-17
[project validation] baremetalsolution-volumeconfig-17 too long
[create project] baremetalsolution-VolumeConfig already exist
[link billing account] baremetalsolution-VolumeConfig 
[BaremetalsolutionVolumeConfig] pipeline: billingAccountName: billingAccounts/012914-9E95D1-A1EEE8
billingEnabled: true
name: projects/volumeconfig-17/billingInfo
projectId: volumeconfig-17
[project validation] baremetalsolution-networkconfig-17 too long
[create project] baremetalsolution-NetworkConfig already exist
[link billing account] baremetalsolution-NetworkConfig 
[BaremetalsolutionNetworkConfig] pipeline: billingAccountName: billingAccounts/012914-9E95D1-A1EEE8
billingEnabled: true
name: projects/networkconfig-17/billingInfo
projectId: networkconfig-17
[project validation] baremetalsolution-instancequota-17 too long
[create project] baremetalsolution-InstanceQuota already exist
[link billing account] baremetalsolution-InstanceQuota 
[BaremetalsolutionInstanceQuota] pipeline: billingAccountName: billingAccounts/012914-9E95D1-A1EEE8
billingEnabled: true
name: projects/instancequota-17/billingInfo
projectId: instancequota-17
[create project] baremetalsolution-SSHKey already exist
[link billing account] baremetalsolution-SSHKey 
[BaremetalsolutionSSHKey] pipeline: billingAccountName: billingAccounts/012914-9E95D1-A1EEE8
billingEnabled: true
name: projects/baremetalsolution-sshkey-17/billingInfo
projectId: baremetalsolution-sshkey-17
[create project] baremetalsolution-Volume already exist
[link billing account] baremetalsolution-Volume 
[BaremetalsolutionVolume] pipeline: billingAccountName: billingAccounts/012914-9E95D1-A1EEE8
billingEnabled: true
name: projects/baremetalsolution-volume-17/billingInfo
projectId: baremetalsolution-volume-17
[project validation] baremetalsolution-volumesnapshot-17 too long
[create project] baremetalsolution-VolumeSnapshot already exist
[link billing account] baremetalsolution-VolumeSnapshot 
[BaremetalsolutionVolumeSnapshot] pipeline: billingAccountName: billingAccounts/012914-9E95D1-A1EEE8
billingEnabled: true
name: projects/volumesnapshot-17/billingInfo
projectId: volumesnapshot-17
[create project] batch-Job already exist
[link billing account] batch-Job 
[BatchJob] pipeline: billingAccountName: billingAccounts/012914-9E95D1-A1EEE8
billingEnabled: true
name: projects/batch-job-17/billingInfo
projectId: batch-job-17
[create project] batch-TaskGroup already exist
[link billing account] batch-TaskGroup 
[BatchTaskGroup] pipeline: billingAccountName: billingAccounts/012914-9E95D1-A1EEE8
billingEnabled: true
name: projects/batch-taskgroup-17/billingInfo
projectId: batch-taskgroup-17
[create project] batch-Task already exist
[link billing account] batch-Task 
[BatchTask] pipeline: billingAccountName: billingAccounts/012914-9E95D1-A1EEE8
billingEnabled: true
name: projects/batch-task-17/billingInfo
projectId: batch-task-17
[create project] beyondcorp-AppConnection already exist
[link billing account] beyondcorp-AppConnection 
[BeyondcorpAppConnection] pipeline: billingAccountName: billingAccounts/012914-9E95D1-A1EEE8
billingEnabled: true
name: projects/beyondcorp-appconnection-17/billingInfo
projectId: beyondcorp-appconnection-17
[create project] beyondcorp-AppConnector already exist
[link billing account] beyondcorp-AppConnector 
[BeyondcorpAppConnector] pipeline: billingAccountName: billingAccounts/012914-9E95D1-A1EEE8
billingEnabled: true
name: projects/beyondcorp-appconnector-17/billingInfo
projectId: beyondcorp-appconnector-17
[create project] beyondcorp-AppGateway already exist
[link billing account] beyondcorp-AppGateway 
[BeyondcorpAppGateway] pipeline: billingAccountName: billingAccounts/012914-9E95D1-A1EEE8
billingEnabled: true
name: projects/beyondcorp-appgateway-17/billingInfo
projectId: beyondcorp-appgateway-17
[project validation] beyondcorp-clientconnectorservice-17 too long
[create project] beyondcorp-ClientConnectorService already exist
[link billing account] beyondcorp-ClientConnectorService 
[BeyondcorpClientConnectorService] pipeline: billingAccountName: billingAccounts/012914-9E95D1-A1EEE8
billingEnabled: true
name: projects/clientconnectorservice-17/billingInfo
projectId: clientconnectorservice-17
[create project] beyondcorp-ClientGateway already exist
[link billing account] beyondcorp-ClientGateway 
[BeyondcorpClientGateway] pipeline: billingAccountName: billingAccounts/012914-9E95D1-A1EEE8
billingEnabled: true
name: projects/beyondcorp-clientgateway-17/billingInfo
projectId: beyondcorp-clientgateway-17
[create project] bigquery-DataExchange already exist
[link billing account] bigquery-DataExchange 
[BigqueryDataExchange] pipeline: billingAccountName: billingAccounts/012914-9E95D1-A1EEE8
billingEnabled: true
name: projects/bigquery-dataexchange-17/billingInfo
projectId: bigquery-dataexchange-17
[create project] bigquery-Listing already exist
[link billing account] bigquery-Listing 
[BigqueryListing] pipeline: billingAccountName: billingAccounts/012914-9E95D1-A1EEE8
billingEnabled: true
name: projects/bigquery-listing-17/billingInfo
projectId: bigquery-listing-17
[create project] bigquery-Subscription already exist
[link billing account] bigquery-Subscription 
[BigquerySubscription] pipeline: billingAccountName: billingAccounts/012914-9E95D1-A1EEE8
billingEnabled: true
name: projects/bigquery-subscription-17/billingInfo
projectId: bigquery-subscription-17
[create project] bigquery-Catalog already exist
[link billing account] bigquery-Catalog 
[BigqueryCatalog] pipeline: billingAccountName: billingAccounts/012914-9E95D1-A1EEE8
billingEnabled: true
name: projects/bigquery-catalog-17/billingInfo
projectId: bigquery-catalog-17
[create project] bigquery-Database already exist
[link billing account] bigquery-Database 
[BigqueryDatabase] pipeline: billingAccountName: billingAccounts/012914-9E95D1-A1EEE8
billingEnabled: true
name: projects/bigquery-database-17/billingInfo
projectId: bigquery-database-17
[create project] bigquery-Table already exist
[link billing account] bigquery-Table 
[BigqueryTable] pipeline: billingAccountName: billingAccounts/012914-9E95D1-A1EEE8
billingEnabled: true
name: projects/bigquery-table-17/billingInfo
projectId: bigquery-table-17
[create project] bigquery-Connection already exist
[link billing account] bigquery-Connection 
[BigqueryConnection] pipeline: billingAccountName: billingAccounts/012914-9E95D1-A1EEE8
billingEnabled: true
name: projects/bigquery-connection-17/billingInfo
projectId: bigquery-connection-17
[create project] bigquery-Connection already exist
[link billing account] bigquery-Connection 
[create project] bigquery-DataExchange already exist
[link billing account] bigquery-DataExchange 
[BigqueryDataExchange] pipeline: billingAccountName: billingAccounts/012914-9E95D1-A1EEE8
billingEnabled: true
name: projects/bigquery-dataexchange-17/billingInfo
projectId: bigquery-dataexchange-17
[create project] bigquery-Listing already exist
[link billing account] bigquery-Listing 
[BigqueryListing] pipeline: billingAccountName: billingAccounts/012914-9E95D1-A1EEE8
billingEnabled: true
name: projects/bigquery-listing-17/billingInfo
projectId: bigquery-listing-17
[create project] bigquery-DataPolicy already exist
[link billing account] bigquery-DataPolicy 
[BigqueryDataPolicy] pipeline: billingAccountName: billingAccounts/012914-9E95D1-A1EEE8
billingEnabled: true
name: projects/bigquery-datapolicy-17/billingInfo
projectId: bigquery-datapolicy-17
[create project] bigquery-DataPolicy already exist
[link billing account] bigquery-DataPolicy 
[BigqueryDataPolicy] pipeline: billingAccountName: billingAccounts/012914-9E95D1-A1EEE8
billingEnabled: true
name: projects/bigquery-datapolicy-17/billingInfo
projectId: bigquery-datapolicy-17
[create project] bigquery-DataSource already exist
[link billing account] bigquery-DataSource 
[BigqueryDataSource] pipeline: billingAccountName: billingAccounts/012914-9E95D1-A1EEE8
billingEnabled: true
name: projects/bigquery-datasource-17/billingInfo
projectId: bigquery-datasource-17
[create project] bigquery-TransferConfig already exist
[link billing account] bigquery-TransferConfig 
[BigqueryTransferConfig] pipeline: billingAccountName: billingAccounts/012914-9E95D1-A1EEE8
billingEnabled: true
name: projects/bigquery-transferconfig-17/billingInfo
projectId: bigquery-transferconfig-17
[create project] bigquery-TransferRun already exist
[link billing account] bigquery-TransferRun 
[BigqueryTransferRun] pipeline: billingAccountName: billingAccounts/012914-9E95D1-A1EEE8
billingEnabled: true
name: projects/bigquery-transferrun-17/billingInfo
projectId: bigquery-transferrun-17
[create project] bigquery-MigrationWorkflow already exist
[link billing account] bigquery-MigrationWorkflow 
[BigqueryMigrationWorkflow] pipeline: billingAccountName: billingAccounts/012914-9E95D1-A1EEE8
billingEnabled: true
name: projects/bigquery-migrationworkflow-17/billingInfo
projectId: bigquery-migrationworkflow-17
[create project] bigquery-MigrationSubtask already exist
[link billing account] bigquery-MigrationSubtask 
[BigqueryMigrationSubtask] pipeline: billingAccountName: billingAccounts/012914-9E95D1-A1EEE8
billingEnabled: true
name: projects/bigquery-migrationsubtask-17/billingInfo
projectId: bigquery-migrationsubtask-17
[create project] bigquery-Reservation already exist
[link billing account] bigquery-Reservation 
[BigqueryReservation] pipeline: billingAccountName: billingAccounts/012914-9E95D1-A1EEE8
billingEnabled: true
name: projects/bigquery-reservation-17/billingInfo
projectId: bigquery-reservation-17
[project validation] bigquery-capacitycommitment-17 too long
[create project] bigquery-CapacityCommitment already exist
[link billing account] bigquery-CapacityCommitment 
[BigqueryCapacityCommitment] pipeline: billingAccountName: billingAccounts/012914-9E95D1-A1EEE8
billingEnabled: true
name: projects/capacitycommitment-17/billingInfo
projectId: capacitycommitment-17
[create project] bigquery-Assignment already exist
[link billing account] bigquery-Assignment 
[BigqueryAssignment] pipeline: billingAccountName: billingAccounts/012914-9E95D1-A1EEE8
billingEnabled: true
name: projects/bigquery-assignment-17/billingInfo
projectId: bigquery-assignment-17
[create project] bigquery-BiReservation already exist
[link billing account] bigquery-BiReservation 
[BigqueryBiReservation] pipeline: billingAccountName: billingAccounts/012914-9E95D1-A1EEE8
billingEnabled: true
name: projects/bigquery-bireservation-17/billingInfo
projectId: bigquery-bireservation-17
[create project] bigquery-ReadSession already exist
[link billing account] bigquery-ReadSession 
[BigqueryReadSession] pipeline: billingAccountName: billingAccounts/012914-9E95D1-A1EEE8
billingEnabled: true
name: projects/bigquery-readsession-17/billingInfo
projectId: bigquery-readsession-17
[create project] bigquery-ReadStream already exist
[link billing account] bigquery-ReadStream 
[BigqueryReadStream] pipeline: billingAccountName: billingAccounts/012914-9E95D1-A1EEE8
billingEnabled: true
name: projects/bigquery-readstream-17/billingInfo
projectId: bigquery-readstream-17
[create project] bigquery-WriteStream already exist
[link billing account] bigquery-WriteStream 
[BigqueryWriteStream] pipeline: billingAccountName: billingAccounts/012914-9E95D1-A1EEE8
billingEnabled: true
name: projects/bigquery-writestream-17/billingInfo
projectId: bigquery-writestream-17
[create project] bigquery-Stream already exist
[link billing account] bigquery-Stream 
[BigqueryStream] pipeline: billingAccountName: billingAccounts/012914-9E95D1-A1EEE8
billingEnabled: true
name: projects/bigquery-stream-17/billingInfo
projectId: bigquery-stream-17
[create project] bigquery-ReadSession already exist
[link billing account] bigquery-ReadSession 
[BigqueryReadSession] pipeline: billingAccountName: billingAccounts/012914-9E95D1-A1EEE8
billingEnabled: true
name: projects/bigquery-readsession-17/billingInfo
projectId: bigquery-readsession-17
[create project] bigquery-ReadSession already exist
[link billing account] bigquery-ReadSession 
[BigqueryReadSession] pipeline: billingAccountName: billingAccounts/012914-9E95D1-A1EEE8
billingEnabled: true
name: projects/bigquery-readsession-17/billingInfo
projectId: bigquery-readsession-17
[create project] bigquery-ReadStream already exist
[link billing account] bigquery-ReadStream 
[BigqueryReadStream] pipeline: billingAccountName: billingAccounts/012914-9E95D1-A1EEE8
billingEnabled: true
name: projects/bigquery-readstream-17/billingInfo
projectId: bigquery-readstream-17
[create project] bigquery-WriteStream already exist
[link billing account] bigquery-WriteStream 
[BigqueryWriteStream] pipeline: billingAccountName: billingAccounts/012914-9E95D1-A1EEE8
billingEnabled: true
name: projects/bigquery-writestream-17/billingInfo
projectId: bigquery-writestream-17
[create project] billing-Budget already exist
[link billing account] billing-Budget 
[BillingBudget] pipeline: billingAccountName: billingAccounts/012914-9E95D1-A1EEE8
billingEnabled: true
name: projects/billing-budget-17/billingInfo
projectId: billing-budget-17
[create project] billing-Budget already exist
[link billing account] billing-Budget 
[BillingBudget] pipeline: billingAccountName: billingAccounts/012914-9E95D1-A1EEE8
billingEnabled: true
name: projects/billing-budget-17/billingInfo
projectId: billing-budget-17
[create project] billing-BillingAccount already exist
[link billing account] billing-BillingAccount 
[BillingBillingAccount] pipeline: billingAccountName: billingAccounts/012914-9E95D1-A1EEE8
billingEnabled: true
name: projects/billing-billingaccount-17/billingInfo
projectId: billing-billingaccount-17
[create project] billing-ProjectBillingInfo already exist
[link billing account] billing-ProjectBillingInfo 
[BillingProjectBillingInfo] pipeline: billingAccountName: billingAccounts/012914-9E95D1-A1EEE8
billingEnabled: true
name: projects/billing-projectbillinginfo-17/billingInfo
projectId: billing-projectbillinginfo-17
[create project] billing-Service already exist
[link billing account] billing-Service 
[BillingService] pipeline: billingAccountName: billingAccounts/012914-9E95D1-A1EEE8
billingEnabled: true
name: projects/billing-service-17/billingInfo
projectId: billing-service-17
[create project] billing-Sku already exist
[link billing account] billing-Sku 
[BillingSku] pipeline: billingAccountName: billingAccounts/012914-9E95D1-A1EEE8
billingEnabled: true
name: projects/billing-sku-17/billingInfo
projectId: billing-sku-17
[create project] binaryauthorization-Policy already exist
[link billing account] binaryauthorization-Policy 
[BinaryauthorizationPolicy] pipeline: billingAccountName: billingAccounts/012914-9E95D1-A1EEE8
billingEnabled: true
name: projects/binaryauthorization-policy-17/billingInfo
projectId: binaryauthorization-policy-17
[project validation] binaryauthorization-attestor-17 too long
[create project] binaryauthorization-Attestor already exist
[link billing account] binaryauthorization-Attestor 
[BinaryauthorizationAttestor] pipeline: billingAccountName: billingAccounts/012914-9E95D1-A1EEE8
billingEnabled: true
name: projects/attestor-17/billingInfo
projectId: attestor-17
[create project] binaryauthorization-Policy already exist
[link billing account] binaryauthorization-Policy 
[BinaryauthorizationPolicy] pipeline: billingAccountName: billingAccounts/012914-9E95D1-A1EEE8
billingEnabled: true
name: projects/binaryauthorization-policy-17/billingInfo
projectId: binaryauthorization-policy-17
[project validation] binaryauthorization-attestor-17 too long
[create project] binaryauthorization-Attestor already exist
[link billing account] binaryauthorization-Attestor 
[BinaryauthorizationAttestor] pipeline: billingAccountName: billingAccounts/012914-9E95D1-A1EEE8
billingEnabled: true
name: projects/attestor-17/billingInfo
projectId: attestor-17
[project validation] blockchainnodeengine-blockchainnode-17 too long
[create project] blockchainnodeengine-BlockchainNode already exist
[link billing account] blockchainnodeengine-BlockchainNode 
[BlockchainnodeengineBlockchainNode] pipeline: billingAccountName: billingAccounts/012914-9E95D1-A1EEE8
billingEnabled: true
name: projects/blockchainnode-17/billingInfo
projectId: blockchainnode-17
[project validation] certificatemanager-certificateissuanceconfig-17 too long
[create project] certificatemanager-CertificateIssuanceConfig already exist
[link billing account] certificatemanager-CertificateIssuanceConfig 
[CertificatemanagerCertificateIssuanceConfig] pipeline: billingAccountName: billingAccounts/012914-9E95D1-A1EEE8
billingEnabled: true
name: projects/certificateissuanceconfig-17/billingInfo
projectId: certificateissuanceconfig-17
[project validation] certificatemanager-certificate-17 too long
[create project] certificatemanager-Certificate already exist
[link billing account] certificatemanager-Certificate 
[CertificatemanagerCertificate] pipeline: billingAccountName: billingAccounts/012914-9E95D1-A1EEE8
billingEnabled: true
name: projects/certificate-17/billingInfo
projectId: certificate-17
[project validation] certificatemanager-certificatemap-17 too long
[create project] certificatemanager-CertificateMap already exist
[link billing account] certificatemanager-CertificateMap 
[CertificatemanagerCertificateMap] pipeline: billingAccountName: billingAccounts/012914-9E95D1-A1EEE8
billingEnabled: true
name: projects/certificatemap-17/billingInfo
projectId: certificatemap-17
[project validation] certificatemanager-certificatemapentry-17 too long
[create project] certificatemanager-CertificateMapEntry already exist
[link billing account] certificatemanager-CertificateMapEntry 
[CertificatemanagerCertificateMapEntry] pipeline: billingAccountName: billingAccounts/012914-9E95D1-A1EEE8
billingEnabled: true
name: projects/certificatemapentry-17/billingInfo
projectId: certificatemapentry-17
[project validation] certificatemanager-dnsauthorization-17 too long
[create project] certificatemanager-DnsAuthorization already exist
[link billing account] certificatemanager-DnsAuthorization 
[CertificatemanagerDnsAuthorization] pipeline: billingAccountName: billingAccounts/012914-9E95D1-A1EEE8
billingEnabled: true
name: projects/dnsauthorization-17/billingInfo
projectId: dnsauthorization-17
[project validation] certificatemanager-trustconfig-17 too long
[create project] certificatemanager-TrustConfig already exist
[link billing account] certificatemanager-TrustConfig 
[CertificatemanagerTrustConfig] pipeline: billingAccountName: billingAccounts/012914-9E95D1-A1EEE8
billingEnabled: true
name: projects/trustconfig-17/billingInfo
projectId: trustconfig-17
[create project] channel-BillingAccount already exist
[link billing account] channel-BillingAccount 
[ChannelBillingAccount] pipeline: billingAccountName: billingAccounts/012914-9E95D1-A1EEE8
billingEnabled: true
name: projects/channel-billingaccount-17/billingInfo
projectId: channel-billingaccount-17
[create project] channel-ChannelPartnerLink already exist
[link billing account] channel-ChannelPartnerLink 
[ChannelChannelPartnerLink] pipeline: billingAccountName: billingAccounts/012914-9E95D1-A1EEE8
billingEnabled: true
name: projects/channel-channelpartnerlink-17/billingInfo
projectId: channel-channelpartnerlink-17
[create project] channel-Customer already exist
[link billing account] channel-Customer 
[ChannelCustomer] pipeline: billingAccountName: billingAccounts/012914-9E95D1-A1EEE8
billingEnabled: true
name: projects/channel-customer-17/billingInfo
projectId: channel-customer-17
[create project] channel-Entitlement already exist
[link billing account] channel-Entitlement 
[ChannelEntitlement] pipeline: billingAccountName: billingAccounts/012914-9E95D1-A1EEE8
billingEnabled: true
name: projects/channel-entitlement-17/billingInfo
projectId: channel-entitlement-17
[create project] channel-Offer already exist
[link billing account] channel-Offer 
[ChannelOffer] pipeline: billingAccountName: billingAccounts/012914-9E95D1-A1EEE8
billingEnabled: true
name: projects/channel-offer-17/billingInfo
projectId: channel-offer-17
[create project] channel-Product already exist
[link billing account] channel-Product 
[ChannelProduct] pipeline: billingAccountName: billingAccounts/012914-9E95D1-A1EEE8
billingEnabled: true
name: projects/channel-product-17/billingInfo
projectId: channel-product-17
[create project] channel-Sku already exist
[link billing account] channel-Sku 
[ChannelSku] pipeline: billingAccountName: billingAccounts/012914-9E95D1-A1EEE8
billingEnabled: true
name: projects/channel-sku-17/billingInfo
projectId: channel-sku-17
[create project] channel-ReportJob already exist
[link billing account] channel-ReportJob 
[ChannelReportJob] pipeline: billingAccountName: billingAccounts/012914-9E95D1-A1EEE8
billingEnabled: true
name: projects/channel-reportjob-17/billingInfo
projectId: channel-reportjob-17
[create project] channel-Report already exist
[link billing account] channel-Report 
[ChannelReport] pipeline: billingAccountName: billingAccounts/012914-9E95D1-A1EEE8
billingEnabled: true
name: projects/channel-report-17/billingInfo
projectId: channel-report-17
[project validation] channel-customerrepricingconfig-17 too long
[create project] channel-CustomerRepricingConfig already exist
[link billing account] channel-CustomerRepricingConfig 
[ChannelCustomerRepricingConfig] pipeline: billingAccountName: billingAccounts/012914-9E95D1-A1EEE8
billingEnabled: true
name: projects/customerrepricingconfig-17/billingInfo
projectId: customerrepricingconfig-17
[project validation] channel-channelpartnerrepricingconfig-17 too long
[project validation] channelpartnerrepricingconfig-17 too long
[create project] channel-SkuGroup already exist
[link billing account] channel-SkuGroup 
[ChannelSkuGroup] pipeline: billingAccountName: billingAccounts/012914-9E95D1-A1EEE8
billingEnabled: true
name: projects/channel-skugroup-17/billingInfo
projectId: channel-skugroup-17
[project validation] cloudcontrolspartner-accessapprovalrequest-17 too long
[create project] cloudcontrolspartner-AccessApprovalRequest already exist
[link billing account] cloudcontrolspartner-AccessApprovalRequest 
[CloudcontrolspartnerAccessApprovalRequest] pipeline: billingAccountName: billingAccounts/012914-9E95D1-A1EEE8
billingEnabled: true
name: projects/accessapprovalrequest-17/billingInfo
projectId: accessapprovalrequest-17
[project validation] cloudcontrolspartner-workload-17 too long
[create project] cloudcontrolspartner-Workload already exist
[link billing account] cloudcontrolspartner-Workload 
[CloudcontrolspartnerWorkload] pipeline: billingAccountName: billingAccounts/012914-9E95D1-A1EEE8
billingEnabled: true
name: projects/workload-17/billingInfo
projectId: workload-17
[create project] channel-ReportJob already exist
[link billing account] channel-ReportJob 
[ChannelReportJob] pipeline: billingAccountName: billingAccounts/012914-9E95D1-A1EEE8
billingEnabled: true
name: projects/channel-reportjob-17/billingInfo
projectId: channel-reportjob-17
[create project] channel-Report already exist
[link billing account] channel-Report 
[ChannelReport] pipeline: billingAccountName: billingAccounts/012914-9E95D1-A1EEE8
billingEnabled: true
name: projects/channel-report-17/billingInfo
projectId: channel-report-17
[project validation] channel-customerrepricingconfig-17 too long
[create project] channel-CustomerRepricingConfig already exist
[link billing account] channel-CustomerRepricingConfig 
[ChannelCustomerRepricingConfig] pipeline: billingAccountName: billingAccounts/012914-9E95D1-A1EEE8
billingEnabled: true
name: projects/customerrepricingconfig-17/billingInfo
projectId: customerrepricingconfig-17
[project validation] channel-channelpartnerrepricingconfig-17 too long
[project validation] channelpartnerrepricingconfig-17 too long
[create project] channel-SkuGroup already exist
[link billing account] channel-SkuGroup 
[ChannelSkuGroup] pipeline: billingAccountName: billingAccounts/012914-9E95D1-A1EEE8
billingEnabled: true
name: projects/channel-skugroup-17/billingInfo
projectId: channel-skugroup-17
[project validation] cloudcontrolspartner-accessapprovalrequest-17 too long
[create project] cloudcontrolspartner-AccessApprovalRequest already exist
[link billing account] cloudcontrolspartner-AccessApprovalRequest 
[CloudcontrolspartnerAccessApprovalRequest] pipeline: billingAccountName: billingAccounts/012914-9E95D1-A1EEE8
billingEnabled: true
name: projects/accessapprovalrequest-17/billingInfo
projectId: accessapprovalrequest-17
[project validation] cloudcontrolspartner-workload-17 too long
[create project] cloudcontrolspartner-Workload already exist
[link billing account] cloudcontrolspartner-Workload 
[CloudcontrolspartnerWorkload] pipeline: billingAccountName: billingAccounts/012914-9E95D1-A1EEE8
billingEnabled: true
name: projects/workload-17/billingInfo
projectId: workload-17
[project validation] cloudcontrolspartner-customer-17 too long
[create project] cloudcontrolspartner-Customer already exist
[link billing account] cloudcontrolspartner-Customer 
[CloudcontrolspartnerCustomer] pipeline: billingAccountName: billingAccounts/012914-9E95D1-A1EEE8
billingEnabled: true
name: projects/customer-17/billingInfo
projectId: customer-17
[project validation] cloudcontrolspartner-ekmconnections-17 too long
[create project] cloudcontrolspartner-EkmConnections already exist
[link billing account] cloudcontrolspartner-EkmConnections 
[CloudcontrolspartnerEkmConnections] pipeline: billingAccountName: billingAccounts/012914-9E95D1-A1EEE8
billingEnabled: true
name: projects/ekmconnections-17/billingInfo
projectId: ekmconnections-17
[project validation] cloudcontrolspartner-partnerpermissions-17 too long
[create project] cloudcontrolspartner-PartnerPermissions already exist
[link billing account] cloudcontrolspartner-PartnerPermissions 
[CloudcontrolspartnerPartnerPermissions] pipeline: billingAccountName: billingAccounts/012914-9E95D1-A1EEE8
billingEnabled: true
name: projects/partnerpermissions-17/billingInfo
projectId: partnerpermissions-17
[project validation] cloudcontrolspartner-partner-17 too long
[create project] cloudcontrolspartner-Partner already exist
[link billing account] cloudcontrolspartner-Partner 
[CloudcontrolspartnerPartner] pipeline: billingAccountName: billingAccounts/012914-9E95D1-A1EEE8
billingEnabled: true
name: projects/partner-17/billingInfo
projectId: partner-17
[project validation] cloudcontrolspartner-violation-17 too long
[create project] cloudcontrolspartner-Violation already exist
[link billing account] cloudcontrolspartner-Violation 
[CloudcontrolspartnerViolation] pipeline: billingAccountName: billingAccounts/012914-9E95D1-A1EEE8
billingEnabled: true
name: projects/violation-17/billingInfo
projectId: violation-17
[project validation] cloudcontrolspartner-accessapprovalrequest-17 too long
[create project] cloudcontrolspartner-AccessApprovalRequest already exist
[link billing account] cloudcontrolspartner-AccessApprovalRequest 
[CloudcontrolspartnerAccessApprovalRequest] pipeline: billingAccountName: billingAccounts/012914-9E95D1-A1EEE8
billingEnabled: true
name: projects/accessapprovalrequest-17/billingInfo
projectId: accessapprovalrequest-17
[project validation] cloudcontrolspartner-workload-17 too long
[create project] cloudcontrolspartner-Workload already exist
[link billing account] cloudcontrolspartner-Workload 
[CloudcontrolspartnerWorkload] pipeline: billingAccountName: billingAccounts/012914-9E95D1-A1EEE8
billingEnabled: true
name: projects/workload-17/billingInfo
projectId: workload-17
[project validation] cloudcontrolspartner-customer-17 too long
[create project] cloudcontrolspartner-Customer already exist
[link billing account] cloudcontrolspartner-Customer 
[CloudcontrolspartnerCustomer] pipeline: billingAccountName: billingAccounts/012914-9E95D1-A1EEE8
billingEnabled: true
name: projects/customer-17/billingInfo
projectId: customer-17
[project validation] cloudcontrolspartner-ekmconnections-17 too long
[create project] cloudcontrolspartner-EkmConnections already exist
[link billing account] cloudcontrolspartner-EkmConnections 
[CloudcontrolspartnerEkmConnections] pipeline: billingAccountName: billingAccounts/012914-9E95D1-A1EEE8
billingEnabled: true
name: projects/ekmconnections-17/billingInfo
projectId: ekmconnections-17
[project validation] cloudcontrolspartner-partnerpermissions-17 too long
[create project] cloudcontrolspartner-PartnerPermissions already exist
[link billing account] cloudcontrolspartner-PartnerPermissions 
[CloudcontrolspartnerPartnerPermissions] pipeline: billingAccountName: billingAccounts/012914-9E95D1-A1EEE8
billingEnabled: true
name: projects/partnerpermissions-17/billingInfo
projectId: partnerpermissions-17
[project validation] cloudcontrolspartner-partner-17 too long
[create project] cloudcontrolspartner-Partner already exist
[link billing account] cloudcontrolspartner-Partner 
[CloudcontrolspartnerPartner] pipeline: billingAccountName: billingAccounts/012914-9E95D1-A1EEE8
billingEnabled: true
name: projects/partner-17/billingInfo
projectId: partner-17
[project validation] cloudcontrolspartner-violation-17 too long
[create project] cloudcontrolspartner-Violation already exist
[link billing account] cloudcontrolspartner-Violation 
[CloudcontrolspartnerViolation] pipeline: billingAccountName: billingAccounts/012914-9E95D1-A1EEE8
billingEnabled: true
name: projects/violation-17/billingInfo
projectId: violation-17
[create project] clouddms-MigrationJob already exist
[link billing account] clouddms-MigrationJob 
[ClouddmsMigrationJob] pipeline: billingAccountName: billingAccounts/012914-9E95D1-A1EEE8
billingEnabled: true
name: projects/clouddms-migrationjob-17/billingInfo
projectId: clouddms-migrationjob-17
[create project] clouddms-ConnectionProfile already exist
[link billing account] clouddms-ConnectionProfile 
[ClouddmsConnectionProfile] pipeline: billingAccountName: billingAccounts/012914-9E95D1-A1EEE8
billingEnabled: true
name: projects/clouddms-connectionprofile-17/billingInfo
projectId: clouddms-connectionprofile-17
[create project] clouddms-PrivateConnection already exist
[link billing account] clouddms-PrivateConnection 
[ClouddmsPrivateConnection] pipeline: billingAccountName: billingAccounts/012914-9E95D1-A1EEE8
billingEnabled: true
name: projects/clouddms-privateconnection-17/billingInfo
projectId: clouddms-privateconnection-17
[project validation] clouddms-conversionworkspace-17 too long
[create project] clouddms-ConversionWorkspace already exist
[link billing account] clouddms-ConversionWorkspace 
[ClouddmsConversionWorkspace] pipeline: billingAccountName: billingAccounts/012914-9E95D1-A1EEE8
billingEnabled: true
name: projects/conversionworkspace-17/billingInfo
projectId: conversionworkspace-17
[create project] clouddms-MappingRule already exist
[link billing account] clouddms-MappingRule 
[ClouddmsMappingRule] pipeline: billingAccountName: billingAccounts/012914-9E95D1-A1EEE8
billingEnabled: true
name: projects/clouddms-mappingrule-17/billingInfo
projectId: clouddms-mappingrule-17
[create project] commerce-LicensePool already exist
[link billing account] commerce-LicensePool 
[CommerceLicensePool] pipeline: billingAccountName: billingAccounts/012914-9E95D1-A1EEE8
billingEnabled: true
name: projects/commerce-licensepool-17/billingInfo
projectId: commerce-licensepool-17
[create project] commerce-Order already exist
[link billing account] commerce-Order 
[CommerceOrder] pipeline: billingAccountName: billingAccounts/012914-9E95D1-A1EEE8
billingEnabled: true
name: projects/commerce-order-17/billingInfo
projectId: commerce-order-17
[project validation] confidentialcomputing-challenge-17 too long
[create project] config-Deployment already exist
[link billing account] config-Deployment 
[ConfigDeployment] pipeline: billingAccountName: billingAccounts/012914-9E95D1-A1EEE8
billingEnabled: true
name: projects/config-deployment-17/billingInfo
projectId: config-deployment-17
[create project] config-Revision already exist
[link billing account] config-Revision 
[ConfigRevision] pipeline: billingAccountName: billingAccounts/012914-9E95D1-A1EEE8
billingEnabled: true
name: projects/config-revision-17/billingInfo
projectId: config-revision-17
[create project] config-Resource already exist
[link billing account] config-Resource 
[ConfigResource] pipeline: billingAccountName: billingAccounts/012914-9E95D1-A1EEE8
billingEnabled: true
name: projects/config-resource-17/billingInfo
projectId: config-resource-17
[create project] config-Preview already exist
[link billing account] config-Preview 
[ConfigPreview] pipeline: billingAccountName: billingAccounts/012914-9E95D1-A1EEE8
billingEnabled: true
name: projects/config-preview-17/billingInfo
projectId: config-preview-17
[create project] config-TerraformVersion already exist
[link billing account] config-TerraformVersion 
[ConfigTerraformVersion] pipeline: billingAccountName: billingAccounts/012914-9E95D1-A1EEE8
billingEnabled: true
name: projects/config-terraformversion-17/billingInfo
projectId: config-terraformversion-17
[create project] connectors-Connection already exist
[link billing account] connectors-Connection 
[ConnectorsConnection] pipeline: billingAccountName: billingAccounts/012914-9E95D1-A1EEE8
billingEnabled: true
name: projects/connectors-connection-17/billingInfo
projectId: connectors-connection-17
[project validation] connectors-connectionschemametadata-17 too long
[create project] connectors-ConnectionSchemaMetadata already exist
[link billing account] connectors-ConnectionSchemaMetadata 
[ConnectorsConnectionSchemaMetadata] pipeline: billingAccountName: billingAccounts/012914-9E95D1-A1EEE8
billingEnabled: true
name: projects/connectionschemametadata-17/billingInfo
projectId: connectionschemametadata-17
[create project] connectors-Connector already exist
[link billing account] connectors-Connector 
[ConnectorsConnector] pipeline: billingAccountName: billingAccounts/012914-9E95D1-A1EEE8
billingEnabled: true
name: projects/connectors-connector-17/billingInfo
projectId: connectors-connector-17
[project validation] connectors-connectorversion-17 too long
[create project] connectors-ConnectorVersion already exist
[link billing account] connectors-ConnectorVersion 
[ConnectorsConnectorVersion] pipeline: billingAccountName: billingAccounts/012914-9E95D1-A1EEE8
billingEnabled: true
name: projects/connectorversion-17/billingInfo
projectId: connectorversion-17
[create project] connectors-Provider already exist
[link billing account] connectors-Provider 
[ConnectorsProvider] pipeline: billingAccountName: billingAccounts/012914-9E95D1-A1EEE8
billingEnabled: true
name: projects/connectors-provider-17/billingInfo
projectId: connectors-provider-17
[create project] connectors-RuntimeConfig already exist
[link billing account] connectors-RuntimeConfig 
[ConnectorsRuntimeConfig] pipeline: billingAccountName: billingAccounts/012914-9E95D1-A1EEE8
billingEnabled: true
name: projects/connectors-runtimeconfig-17/billingInfo
projectId: connectors-runtimeconfig-17
[create project] connectors-Settings already exist
[link billing account] connectors-Settings 
[ConnectorsSettings] pipeline: billingAccountName: billingAccounts/012914-9E95D1-A1EEE8
billingEnabled: true
name: projects/connectors-settings-17/billingInfo
projectId: connectors-settings-17
[project validation] contactcenterinsights-conversation-17 too long
[create project] contactcenterinsights-Conversation already exist
[link billing account] contactcenterinsights-Conversation 
[ContactcenterinsightsConversation] pipeline: billingAccountName: billingAccounts/012914-9E95D1-A1EEE8
billingEnabled: true
name: projects/conversation-17/billingInfo
projectId: conversation-17
[project validation] contactcenterinsights-analysis-17 too long
[create project] contactcenterinsights-Analysis already exist
[link billing account] contactcenterinsights-Analysis 
[ContactcenterinsightsAnalysis] pipeline: billingAccountName: billingAccounts/012914-9E95D1-A1EEE8
billingEnabled: true
name: projects/analysis-17/billingInfo
projectId: analysis-17
[project validation] contactcenterinsights-feedbacklabel-17 too long
[create project] contactcenterinsights-FeedbackLabel already exist
[link billing account] contactcenterinsights-FeedbackLabel 
[ContactcenterinsightsFeedbackLabel] pipeline: billingAccountName: billingAccounts/012914-9E95D1-A1EEE8
billingEnabled: true
name: projects/feedbacklabel-17/billingInfo
projectId: feedbacklabel-17
[project validation] contactcenterinsights-issuemodel-17 too long
[create project] contactcenterinsights-IssueModel already exist
[link billing account] contactcenterinsights-IssueModel 
[ContactcenterinsightsIssueModel] pipeline: billingAccountName: billingAccounts/012914-9E95D1-A1EEE8
billingEnabled: true
name: projects/issuemodel-17/billingInfo
projectId: issuemodel-17
[project validation] contactcenterinsights-issue-17 too long
[create project] contactcenterinsights-Issue already exist
[link billing account] contactcenterinsights-Issue 
[ContactcenterinsightsIssue] pipeline: billingAccountName: billingAccounts/012914-9E95D1-A1EEE8
billingEnabled: true
name: projects/issue-17/billingInfo
projectId: issue-17
[project validation] contactcenterinsights-phrasematcher-17 too long
[create project] contactcenterinsights-PhraseMatcher already exist
[link billing account] contactcenterinsights-PhraseMatcher 
[ContactcenterinsightsPhraseMatcher] pipeline: billingAccountName: billingAccounts/012914-9E95D1-A1EEE8
billingEnabled: true
name: projects/phrasematcher-17/billingInfo
projectId: phrasematcher-17
[project validation] contactcenterinsights-settings-17 too long
[create project] contactcenterinsights-Settings already exist
[link billing account] contactcenterinsights-Settings 
[ContactcenterinsightsSettings] pipeline: billingAccountName: billingAccounts/012914-9E95D1-A1EEE8
billingEnabled: true
name: projects/settings-17/billingInfo
projectId: settings-17
[project validation] contactcenterinsights-analysisrule-17 too long
[create project] contactcenterinsights-AnalysisRule already exist
[link billing account] contactcenterinsights-AnalysisRule 
[ContactcenterinsightsAnalysisRule] pipeline: billingAccountName: billingAccounts/012914-9E95D1-A1EEE8
billingEnabled: true
name: projects/analysisrule-17/billingInfo
projectId: analysisrule-17
[project validation] contactcenterinsights-encryptionspec-17 too long
[create project] contactcenterinsights-EncryptionSpec already exist
[link billing account] contactcenterinsights-EncryptionSpec 
[ContactcenterinsightsEncryptionSpec] pipeline: billingAccountName: billingAccounts/012914-9E95D1-A1EEE8
billingEnabled: true
name: projects/encryptionspec-17/billingInfo
projectId: encryptionspec-17
[create project] contactcenterinsights-View already exist
[link billing account] contactcenterinsights-View 
[ContactcenterinsightsView] pipeline: billingAccountName: billingAccounts/012914-9E95D1-A1EEE8
billingEnabled: true
name: projects/contactcenterinsights-view-17/billingInfo
projectId: contactcenterinsights-view-17
[project validation] contactcenterinsights-qaquestion-17 too long
[create project] contactcenterinsights-QaQuestion already exist
[link billing account] contactcenterinsights-QaQuestion 
[ContactcenterinsightsQaQuestion] pipeline: billingAccountName: billingAccounts/012914-9E95D1-A1EEE8
billingEnabled: true
name: projects/qaquestion-17/billingInfo
projectId: qaquestion-17
[project validation] contactcenterinsights-qascorecard-17 too long
[create project] contactcenterinsights-QaScorecard already exist
[link billing account] contactcenterinsights-QaScorecard 
[ContactcenterinsightsQaScorecard] pipeline: billingAccountName: billingAccounts/012914-9E95D1-A1EEE8
billingEnabled: true
name: projects/qascorecard-17/billingInfo
projectId: qascorecard-17
[project validation] contactcenterinsights-qascorecardrevision-17 too long
[create project] contactcenterinsights-QaScorecardRevision already exist
[link billing account] contactcenterinsights-QaScorecardRevision 
[ContactcenterinsightsQaScorecardRevision] pipeline: billingAccountName: billingAccounts/012914-9E95D1-A1EEE8
billingEnabled: true
name: projects/qascorecardrevision-17/billingInfo
projectId: qascorecardrevision-17
[project validation] contactcenterinsights-qascorecardresult-17 too long
[create project] contactcenterinsights-QaScorecardResult already exist
[link billing account] contactcenterinsights-QaScorecardResult 
[ContactcenterinsightsQaScorecardResult] pipeline: billingAccountName: billingAccounts/012914-9E95D1-A1EEE8
billingEnabled: true
name: projects/qascorecardresult-17/billingInfo
projectId: qascorecardresult-17
[create project] contentwarehouse-Document
[create project] contentwarehouse-Document created
[link billing account] contentwarehouse-Document 
[ContentwarehouseDocument] pipeline: billingAccountName: billingAccounts/012914-9E95D1-A1EEE8
billingEnabled: true
name: projects/contentwarehouse-document-18/billingInfo
projectId: contentwarehouse-document-18
[project validation] contentwarehouse-documentlink-18 too long
[create project] contentwarehouse-DocumentLink
[create project] contentwarehouse-DocumentLink created
[link billing account] contentwarehouse-DocumentLink 
[ContentwarehouseDocumentLink] pipeline: billingAccountName: billingAccounts/012914-9E95D1-A1EEE8
billingEnabled: true
name: projects/documentlink-18/billingInfo
projectId: documentlink-18
[project validation] contentwarehouse-documentschema-18 too long
[create project] contentwarehouse-DocumentSchema
[create project] contentwarehouse-DocumentSchema created
[link billing account] contentwarehouse-DocumentSchema 
[ContentwarehouseDocumentSchema] pipeline: billingAccountName: billingAccounts/012914-9E95D1-A1EEE8
billingEnabled: true
name: projects/documentschema-18/billingInfo
projectId: documentschema-18
[create project] contentwarehouse-RuleSet
[create project] contentwarehouse-RuleSet created
[link billing account] contentwarehouse-RuleSet 
[ContentwarehouseRuleSet] pipeline: billingAccountName: billingAccounts/012914-9E95D1-A1EEE8
billingEnabled: true
name: projects/contentwarehouse-ruleset-18/billingInfo
projectId: contentwarehouse-ruleset-18
[project validation] contentwarehouse-synonymset-18 too long
[create project] contentwarehouse-SynonymSet
[create project] contentwarehouse-SynonymSet created
[link billing account] contentwarehouse-SynonymSet 
[ContentwarehouseSynonymSet] pipeline: billingAccountName: billingAccounts/012914-9E95D1-A1EEE8
billingEnabled: true
name: projects/synonymset-18/billingInfo
projectId: synonymset-18
[create project] datacatalog-Process
[create project] datacatalog-Process created
[link billing account] datacatalog-Process 
[DatacatalogProcess] pipeline: billingAccountName: billingAccounts/012914-9E95D1-A1EEE8
billingEnabled: true
name: projects/datacatalog-process-18/billingInfo
projectId: datacatalog-process-18
